Using pre-set license
Built from 'trunk' branch; Version is '6000.0.20f1 (05208a74e9aa) revision 336010'; Using compiler version '193933523'; Build Type 'Release'
OS: 'Windows 10  (10.0.19043) 64bit Core' Language: 'ko' Physical Memory: 8001 MB
BatchMode: 1, IsHumanControllingUs: 0, StartBugReporterOnCrash: 0, Is64bit: 1, IsPro: 1

COMMAND LINE ARGUMENTS:
C:\Program Files\Unity\Hub\Editor\6000.0.20f1\Editor\Unity.exe
-adb2
-batchMode
-noUpm
-name
AssetImportWorker9
-projectPath
C:/Users/rlack/Desktop/Git/ProjectA/ProjectA
-logFile
Logs/AssetImportWorker9.log
-srvPort
58929
-job-worker-count
3
-background-job-worker-count
8
-asset-garbage-collectors
1
Successfully changed project path to: C:/Users/rlack/Desktop/Git/ProjectA/ProjectA
C:/Users/rlack/Desktop/Git/ProjectA/ProjectA
[UnityMemory] Configuration Parameters - Can be set up in boot.config
    "memorysetup-bucket-allocator-granularity=16"
    "memorysetup-bucket-allocator-bucket-count=8"
    "memorysetup-bucket-allocator-block-size=33554432"
    "memorysetup-bucket-allocator-block-count=8"
    "memorysetup-main-allocator-block-size=16777216"
    "memorysetup-thread-allocator-block-size=16777216"
    "memorysetup-gfx-main-allocator-block-size=16777216"
    "memorysetup-gfx-thread-allocator-block-size=16777216"
    "memorysetup-cache-allocator-block-size=4194304"
    "memorysetup-typetree-allocator-block-size=2097152"
    "memorysetup-profiler-bucket-allocator-granularity=16"
    "memorysetup-profiler-bucket-allocator-bucket-count=8"
    "memorysetup-profiler-bucket-allocator-block-size=33554432"
    "memorysetup-profiler-bucket-allocator-block-count=8"
    "memorysetup-profiler-allocator-block-size=16777216"
    "memorysetup-profiler-editor-allocator-block-size=1048576"
    "memorysetup-temp-allocator-size-main=16777216"
    "memorysetup-job-temp-allocator-block-size=2097152"
    "memorysetup-job-temp-allocator-block-size-background=1048576"
    "memorysetup-job-temp-allocator-reduction-small-platforms=262144"
    "memorysetup-allocator-temp-initial-block-size-main=262144"
    "memorysetup-allocator-temp-initial-block-size-worker=262144"
    "memorysetup-temp-allocator-size-background-worker=32768"
    "memorysetup-temp-allocator-size-job-worker=262144"
    "memorysetup-temp-allocator-size-preload-manager=33554432"
    "memorysetup-temp-allocator-size-nav-mesh-worker=65536"
    "memorysetup-temp-allocator-size-audio-worker=65536"
    "memorysetup-temp-allocator-size-cloud-worker=32768"
    "memorysetup-temp-allocator-size-gi-baking-worker=262144"
    "memorysetup-temp-allocator-size-gi-baking-worker=262144"
    "memorysetup-temp-allocator-size-gi-baking-worker=262144"
    "memorysetup-temp-allocator-size-gi-baking-worker=262144"
    "memorysetup-temp-allocator-size-gi-baking-worker=262144"
    "memorysetup-temp-allocator-size-gfx=262144"
Player connection [22472]  Target information:

Player connection [22472]  * "[IP] 192.168.35.87 [Port] 0 [Flags] 2 [Guid] 2987784664 [EditorId] 2987784664 [Version] 1048832 [Id] WindowsEditor(7,LAPTOP-3J2MS8IR) [Debug] 1 [PackageName] WindowsEditor [ProjectName] Editor" 

Player connection [22472] Host joined multi-casting on [225.0.0.222:54997]...
Player connection [22472] Host joined alternative multi-casting on [225.0.0.222:34997]...
JobSystem: Creating JobQueue using job-worker-count value 3
[Physics::Module] Initialized fallback backend.
[Physics::Module] Id: 0xdecafbad
Library Redirect Path: Library/
[Physics::Module] Selected backend.
[Physics::Module] Name: PhysX
[Physics::Module] Id: 0xf2b8ea05
[Physics::Module] SDK Version: 4.1.2
[Physics::Module] Integration Version: 1.0.0
[Physics::Module] Threading Mode: Multi-Threaded
Refreshing native plugins compatible for Editor in 94.36 ms, found 8 plugins.
Preloading 0 native plugins for Editor in 0.00 ms.
Initialize engine version: 6000.0.20f1 (05208a74e9aa)
[Subsystems] Discovering subsystems at path C:/Program Files/Unity/Hub/Editor/6000.0.20f1/Editor/Data/Resources/UnitySubsystems
[Subsystems] Discovering subsystems at path C:/Users/rlack/Desktop/Git/ProjectA/ProjectA/Assets
GfxDevice: creating device client; kGfxThreadingModeNonThreaded
Direct3D:
    Version:  Direct3D 11.0 [level 11.1]
    Renderer: Intel(R) UHD Graphics (ID=0x9b41)
    Vendor:   Intel
    VRAM:     4000 MB
    Driver:   26.20.100.7870
Initialize mono
Mono path[0] = 'C:/Program Files/Unity/Hub/Editor/6000.0.20f1/Editor/Data/Managed'
Mono path[1] = 'C:/Program Files/Unity/Hub/Editor/6000.0.20f1/Editor/Data/MonoBleedingEdge/lib/mono/unityjit-win32'
Mono config path = 'C:/Program Files/Unity/Hub/Editor/6000.0.20f1/Editor/Data/MonoBleedingEdge/etc'
Using monoOptions --debugger-agent=transport=dt_socket,embedding=1,server=y,suspend=n,address=127.0.0.1:56872
Begin MonoManager ReloadAssembly
Registering precompiled unity dll's ...
Register platform support module: C:/Program Files/Unity/Hub/Editor/6000.0.20f1/Editor/Data/PlaybackEngines/WindowsStandaloneSupport/UnityEditor.WindowsStandalone.Extensions.dll
Registered in 0.013327 seconds.
- Loaded All Assemblies, in  2.205 seconds
Native extension for WindowsStandalone target not found
Mono: successfully reloaded assembly
- Finished resetting the current domain, in  1.671 seconds
Domain Reload Profiling: 3862ms
	BeginReloadAssembly (744ms)
		ExecutionOrderSort (0ms)
		DisableScriptedObjects (0ms)
		BackupInstance (0ms)
		ReleaseScriptingObjects (0ms)
		CreateAndSetChildDomain (2ms)
	RebuildCommonClasses (131ms)
	RebuildNativeTypeToScriptingClass (83ms)
	initialDomainReloadingComplete (253ms)
	LoadAllAssembliesAndSetupDomain (980ms)
		LoadAssemblies (732ms)
		RebuildTransferFunctionScriptingTraits (0ms)
		AnalyzeDomain (969ms)
			TypeCache.Refresh (963ms)
				TypeCache.ScanAssembly (864ms)
			BuildScriptInfoCaches (1ms)
			ResolveRequiredComponents (2ms)
	FinalizeReload (1672ms)
		ReleaseScriptCaches (0ms)
		RebuildScriptCaches (0ms)
		SetupLoadedEditorAssemblies (1461ms)
			LogAssemblyErrors (0ms)
			InitializePlatformSupportModulesInManaged (69ms)
			SetLoadedEditorAssemblies (13ms)
			BeforeProcessingInitializeOnLoad (40ms)
			ProcessInitializeOnLoadAttributes (936ms)
			ProcessInitializeOnLoadMethodAttributes (267ms)
			AfterProcessingInitializeOnLoad (135ms)
			EditorAssembliesLoaded (0ms)
		ExecutionOrderSort2 (0ms)
		AwakeInstancesAfterBackupRestoration (0ms)
========================================================================
Worker process is ready to serve import requests
Import Worker Mode flag is 0x00
Begin MonoManager ReloadAssembly
- Loaded All Assemblies, in 10.281 seconds
Refreshing native plugins compatible for Editor in 30.97 ms, found 8 plugins.
Native extension for WindowsStandalone target not found
Mono: successfully reloaded assembly
- Finished resetting the current domain, in  5.601 seconds
Domain Reload Profiling: 15844ms
	BeginReloadAssembly (2676ms)
		ExecutionOrderSort (0ms)
		DisableScriptedObjects (27ms)
		BackupInstance (0ms)
		ReleaseScriptingObjects (0ms)
		CreateAndSetChildDomain (118ms)
	RebuildCommonClasses (199ms)
	RebuildNativeTypeToScriptingClass (59ms)
	initialDomainReloadingComplete (292ms)
	LoadAllAssembliesAndSetupDomain (7016ms)
		LoadAssemblies (3996ms)
		RebuildTransferFunctionScriptingTraits (0ms)
		AnalyzeDomain (3592ms)
			TypeCache.Refresh (2511ms)
				TypeCache.ScanAssembly (2368ms)
			BuildScriptInfoCaches (1017ms)
			ResolveRequiredComponents (48ms)
	FinalizeReload (5602ms)
		ReleaseScriptCaches (0ms)
		RebuildScriptCaches (0ms)
		SetupLoadedEditorAssemblies (4372ms)
			LogAssemblyErrors (0ms)
			InitializePlatformSupportModulesInManaged (14ms)
			SetLoadedEditorAssemblies (21ms)
			BeforeProcessingInitializeOnLoad (555ms)
			ProcessInitializeOnLoadAttributes (3042ms)
			ProcessInitializeOnLoadMethodAttributes (700ms)
			AfterProcessingInitializeOnLoad (39ms)
			EditorAssembliesLoaded (1ms)
		ExecutionOrderSort2 (0ms)
		AwakeInstancesAfterBackupRestoration (15ms)
Launched and connected shader compiler UnityShaderCompiler.exe after 0.06 seconds
Refreshing native plugins compatible for Editor in 77.08 ms, found 8 plugins.
Preloading 0 native plugins for Editor in 0.00 ms.
Unloading 241 Unused Serialized files (Serialized files now loaded: 0)
Unloading 7468 unused Assets / (4.9 MB). Loaded Objects now: 8273.
Memory consumption went from 214.3 MB to 209.4 MB.
Total: 59.625400 ms (FindLiveObjects: 7.346300 ms CreateObjectMapping: 5.845100 ms MarkObjects: 27.687800 ms  DeleteObjects: 18.739000 ms)

========================================================================
Received Import Request.
  Time since last request: 2081930.462473 seconds.
  path: Assets/03.Sprites/Pixel Keys x16/Tiles White/pxkw_comma.png
  artifactKey: Guid(5d1006ccfcb54f34bb0090289b6f3e30) Importer(815301076,1909f56bfc062723c751e8b465ee728b)
Start importing Assets/03.Sprites/Pixel Keys x16/Tiles White/pxkw_comma.png using Guid(5d1006ccfcb54f34bb0090289b6f3e30) Importer(815301076,1909f56bfc062723c751e8b465ee728b) (PreviewImporter) -> (artifact id: '19bac41cdcbc02401568b992d2a84fdd') in 0.6751047 seconds
Number of updated asset objects reloaded before import = 0Number of asset objects unloaded after import = 3

========================================================================
Received Import Request.
  Time since last request: 0.003752 seconds.
  path: Assets/03.Sprites/Pixel Keys x16/Tiles White/pxkw_k.png
  artifactKey: Guid(1557fc1e470203d4dab5bc75c8326d4f) Importer(815301076,1909f56bfc062723c751e8b465ee728b)
Start importing Assets/03.Sprites/Pixel Keys x16/Tiles White/pxkw_k.png using Guid(1557fc1e470203d4dab5bc75c8326d4f) Importer(815301076,1909f56bfc062723c751e8b465ee728b) (PreviewImporter) -> (artifact id: '2fe2629fadf451166492db5786411a2e') in 0.0478785 seconds
Number of updated asset objects reloaded before import = 0Number of asset objects unloaded after import = 3

========================================================================
Received Import Request.
  Time since last request: 0.000043 seconds.
  path: Assets/03.Sprites/Pixel Keys x16/Tiles White/pxkw_y.png
  artifactKey: Guid(af7418c85e761044aa7a59efd2b06a01) Importer(815301076,1909f56bfc062723c751e8b465ee728b)
Start importing Assets/03.Sprites/Pixel Keys x16/Tiles White/pxkw_y.png using Guid(af7418c85e761044aa7a59efd2b06a01) Importer(815301076,1909f56bfc062723c751e8b465ee728b) (PreviewImporter) -> (artifact id: '44c870ce589fd32d66e3db84b35fa6c0') in 0.044649 seconds
Number of updated asset objects reloaded before import = 0Number of asset objects unloaded after import = 3

========================================================================
Received Import Request.
  Time since last request: 0.000065 seconds.
  path: Assets/03.Sprites/Pixel Keys x16/Tiles White/pxkw_alt.png
  artifactKey: Guid(5097dfff254614f4b9ce545e68590d60) Importer(815301076,1909f56bfc062723c751e8b465ee728b)
Start importing Assets/03.Sprites/Pixel Keys x16/Tiles White/pxkw_alt.png using Guid(5097dfff254614f4b9ce545e68590d60) Importer(815301076,1909f56bfc062723c751e8b465ee728b) (PreviewImporter) -> (artifact id: 'b75a3e7538af858f2b61796df2de1454') in 0.0812955 seconds
Number of updated asset objects reloaded before import = 0Number of asset objects unloaded after import = 3

========================================================================
Received Import Request.
  Time since last request: 0.000045 seconds.
  path: Assets/03.Sprites/Pixel Keys x16/Tiles White/pxkw_underscore.png
  artifactKey: Guid(34dac5e1af287ee4fafa8d9fe50f9ee4) Importer(815301076,1909f56bfc062723c751e8b465ee728b)
Start importing Assets/03.Sprites/Pixel Keys x16/Tiles White/pxkw_underscore.png using Guid(34dac5e1af287ee4fafa8d9fe50f9ee4) Importer(815301076,1909f56bfc062723c751e8b465ee728b) (PreviewImporter) -> (artifact id: '12ce8594e884ae97451376a5a1b71dd1') in 0.0534984 seconds
Number of updated asset objects reloaded before import = 0Number of asset objects unloaded after import = 3

========================================================================
Received Import Request.
  Time since last request: 0.000048 seconds.
  path: Assets/03.Sprites/UI/UI_Flat_FrameMarker02a.png
  artifactKey: Guid(a2739f0f757485745b1e975885705100) Importer(815301076,1909f56bfc062723c751e8b465ee728b)
Start importing Assets/03.Sprites/UI/UI_Flat_FrameMarker02a.png using Guid(a2739f0f757485745b1e975885705100) Importer(815301076,1909f56bfc062723c751e8b465ee728b) (PreviewImporter) -> (artifact id: 'c45b032c8dae190ac91cb02083380632') in 0.0675215 seconds
Number of updated asset objects reloaded before import = 0Number of asset objects unloaded after import = 3

========================================================================
Received Import Request.
  Time since last request: 0.000183 seconds.
  path: Assets/03.Sprites/UI/UI_Flat_FrameSlot03b.png
  artifactKey: Guid(8893262e2ac28ea4ab676549caf19c7d) Importer(815301076,1909f56bfc062723c751e8b465ee728b)
Start importing Assets/03.Sprites/UI/UI_Flat_FrameSlot03b.png using Guid(8893262e2ac28ea4ab676549caf19c7d) Importer(815301076,1909f56bfc062723c751e8b465ee728b) (PreviewImporter) -> (artifact id: '8290ca755276b70261fedf2f2fd6c608') in 0.0379717 seconds
Number of updated asset objects reloaded before import = 0Number of asset objects unloaded after import = 3

========================================================================
Received Import Request.
  Time since last request: 0.000091 seconds.
  path: Assets/03.Sprites/Pixel Keys x16/Tiles White/pxkw_0.png
  artifactKey: Guid(85e8973096a40154d987de07cb2b6b33) Importer(815301076,1909f56bfc062723c751e8b465ee728b)
Start importing Assets/03.Sprites/Pixel Keys x16/Tiles White/pxkw_0.png using Guid(85e8973096a40154d987de07cb2b6b33) Importer(815301076,1909f56bfc062723c751e8b465ee728b) (PreviewImporter) -> (artifact id: '442c9e989e3eb41fcdb8a2e2f3fee108') in 0.0795515 seconds
Number of updated asset objects reloaded before import = 0Number of asset objects unloaded after import = 3

========================================================================
Received Import Request.
  Time since last request: 0.000061 seconds.
  path: Assets/Assets/JungleAsset/Jungle Asset Pack/Character/sprites/ledge grab.gif
  artifactKey: Guid(b573109065a44de40b323a4f81314f43) Importer(815301076,1909f56bfc062723c751e8b465ee728b)
Start importing Assets/Assets/JungleAsset/Jungle Asset Pack/Character/sprites/ledge grab.gif using Guid(b573109065a44de40b323a4f81314f43) Importer(815301076,1909f56bfc062723c751e8b465ee728b) (PreviewImporter) -> (artifact id: '1b17dccb5f8812957fdf8561a60f0e6c') in 0.097595 seconds
Number of updated asset objects reloaded before import = 0Number of asset objects unloaded after import = 3

========================================================================
Received Import Request.
  Time since last request: 0.002288 seconds.
  path: Assets/03.Sprites/Pixel Keys x16/Tiles Black/pxkb_8.png
  artifactKey: Guid(e71d0e896aacf3c4ca77b39c5f1116fc) Importer(815301076,1909f56bfc062723c751e8b465ee728b)
Start importing Assets/03.Sprites/Pixel Keys x16/Tiles Black/pxkb_8.png using Guid(e71d0e896aacf3c4ca77b39c5f1116fc) Importer(815301076,1909f56bfc062723c751e8b465ee728b) (PreviewImporter) -> (artifact id: '027e2be2347535cd3eca7ece2ad4f504') in 0.0865912 seconds
Number of updated asset objects reloaded before import = 0Number of asset objects unloaded after import = 3

========================================================================
Received Import Request.
  Time since last request: 0.000086 seconds.
  path: Assets/03.Sprites/Pixel Keys x16/Tiles White/pxkw_q.png
  artifactKey: Guid(27de9ad1d5df8ff47844d5148ef5e954) Importer(815301076,1909f56bfc062723c751e8b465ee728b)
Start importing Assets/03.Sprites/Pixel Keys x16/Tiles White/pxkw_q.png using Guid(27de9ad1d5df8ff47844d5148ef5e954) Importer(815301076,1909f56bfc062723c751e8b465ee728b) (PreviewImporter) -> (artifact id: '56ec314f382bd489420dae92e5ed18e9') in 0.0954502 seconds
Number of updated asset objects reloaded before import = 0Number of asset objects unloaded after import = 3

========================================================================
Received Import Request.
  Time since last request: 0.000117 seconds.
  path: Assets/03.Sprites/Pixel Keys x16/Tiles White/pxkw_percent.png
  artifactKey: Guid(ee9dc0ce1e9538a4bbc31831ad57302c) Importer(815301076,1909f56bfc062723c751e8b465ee728b)
Start importing Assets/03.Sprites/Pixel Keys x16/Tiles White/pxkw_percent.png using Guid(ee9dc0ce1e9538a4bbc31831ad57302c) Importer(815301076,1909f56bfc062723c751e8b465ee728b) (PreviewImporter) -> (artifact id: 'bbc7566cc84bf130ec94a9671444ffc0') in 0.0831462 seconds
Number of updated asset objects reloaded before import = 0Number of asset objects unloaded after import = 3

========================================================================
Received Import Request.
  Time since last request: 0.000054 seconds.
  path: Assets/03.Sprites/Pixel Keys x16/Tiles White/pxkw_5.png
  artifactKey: Guid(14e7968c6bbaf0749b4c6af68feb9cfc) Importer(815301076,1909f56bfc062723c751e8b465ee728b)
Start importing Assets/03.Sprites/Pixel Keys x16/Tiles White/pxkw_5.png using Guid(14e7968c6bbaf0749b4c6af68feb9cfc) Importer(815301076,1909f56bfc062723c751e8b465ee728b) (PreviewImporter) -> (artifact id: '9fba8d3729bd8d3aeeede7db83ae97f7') in 0.0726914 seconds
Number of updated asset objects reloaded before import = 0Number of asset objects unloaded after import = 3

========================================================================
Received Import Request.
  Time since last request: 0.000063 seconds.
  path: Assets/03.Sprites/Pixel Keys x16/Tiles White/pxkw_vertical_bar.png
  artifactKey: Guid(88c01954f5470b747ad39de13edfdd88) Importer(815301076,1909f56bfc062723c751e8b465ee728b)
Start importing Assets/03.Sprites/Pixel Keys x16/Tiles White/pxkw_vertical_bar.png using Guid(88c01954f5470b747ad39de13edfdd88) Importer(815301076,1909f56bfc062723c751e8b465ee728b) (PreviewImporter) -> (artifact id: '62c5e88213226f1d9c406a1ef6767882') in 0.0714482 seconds
Number of updated asset objects reloaded before import = 0Number of asset objects unloaded after import = 3

========================================================================
Received Import Request.
  Time since last request: 0.000056 seconds.
  path: Assets/03.Sprites/Pixel Keys x16/Tiles White/pxkw_enter_icon.png
  artifactKey: Guid(e42d2c841b9d0844ebdd90712e5e5bbb) Importer(815301076,1909f56bfc062723c751e8b465ee728b)
Start importing Assets/03.Sprites/Pixel Keys x16/Tiles White/pxkw_enter_icon.png using Guid(e42d2c841b9d0844ebdd90712e5e5bbb) Importer(815301076,1909f56bfc062723c751e8b465ee728b) (PreviewImporter) -> (artifact id: '41f11761b47e49bb700c889ae491e96f') in 0.0995127 seconds
Number of updated asset objects reloaded before import = 0Number of asset objects unloaded after import = 3

========================================================================
Received Import Request.
  Time since last request: 0.000100 seconds.
  path: Assets/03.Sprites/UI/GUI.png
  artifactKey: Guid(25f1e3bf24bebe746ad8d5096c7857c1) Importer(815301076,1909f56bfc062723c751e8b465ee728b)
Start importing Assets/03.Sprites/UI/GUI.png using Guid(25f1e3bf24bebe746ad8d5096c7857c1) Importer(815301076,1909f56bfc062723c751e8b465ee728b) (PreviewImporter) -> (artifact id: '702d91371d076cbe20c66562be898113') in 1.1519495 seconds
Number of updated asset objects reloaded before import = 0Number of asset objects unloaded after import = 71

========================================================================
Received Import Request.
  Time since last request: 0.000051 seconds.
  path: Assets/03.Sprites/Pixel Keys x16/Tiles White/pxkw_enter.png
  artifactKey: Guid(e7735edb479e1b842853dcc28de92b0c) Importer(815301076,1909f56bfc062723c751e8b465ee728b)
Start importing Assets/03.Sprites/Pixel Keys x16/Tiles White/pxkw_enter.png using Guid(e7735edb479e1b842853dcc28de92b0c) Importer(815301076,1909f56bfc062723c751e8b465ee728b) (PreviewImporter) -> (artifact id: '7f62d6b8658cb2fee34888f781bf3a48') in 0.0738131 seconds
Number of updated asset objects reloaded before import = 0Number of asset objects unloaded after import = 3

========================================================================
Received Import Request.
  Time since last request: 0.000206 seconds.
  path: Assets/03.Sprites/Pixel Keys x16/Tiles White/pxkw_z.png
  artifactKey: Guid(cdbd8d4e6dc000a49b20d326092a3ec9) Importer(815301076,1909f56bfc062723c751e8b465ee728b)
Start importing Assets/03.Sprites/Pixel Keys x16/Tiles White/pxkw_z.png using Guid(cdbd8d4e6dc000a49b20d326092a3ec9) Importer(815301076,1909f56bfc062723c751e8b465ee728b) (PreviewImporter) -> (artifact id: 'bc181872c6d519e556709e798343f2c9') in 0.0810637 seconds
Number of updated asset objects reloaded before import = 0Number of asset objects unloaded after import = 3

========================================================================
Received Import Request.
  Time since last request: 0.000130 seconds.
  path: Assets/Assets/Warped Shooting Fx/Pixel Art/Waveform/waveform1.png
  artifactKey: Guid(6ce7d758dac494cc393bd4437dfdb24e) Importer(815301076,1909f56bfc062723c751e8b465ee728b)
Start importing Assets/Assets/Warped Shooting Fx/Pixel Art/Waveform/waveform1.png using Guid(6ce7d758dac494cc393bd4437dfdb24e) Importer(815301076,1909f56bfc062723c751e8b465ee728b) (PreviewImporter) -> (artifact id: '9de71ac55d7e7210c3c46edd9fe9fca7') in 0.0453732 seconds
Number of updated asset objects reloaded before import = 0Number of asset objects unloaded after import = 3

========================================================================
Received Import Request.
  Time since last request: 0.000059 seconds.
  path: Assets/03.Sprites/Pixel Keys x16/Tiles White/pxkw_f12.png
  artifactKey: Guid(566975fec66b3cc48be39c926bd2a24b) Importer(815301076,1909f56bfc062723c751e8b465ee728b)
Start importing Assets/03.Sprites/Pixel Keys x16/Tiles White/pxkw_f12.png using Guid(566975fec66b3cc48be39c926bd2a24b) Importer(815301076,1909f56bfc062723c751e8b465ee728b) (PreviewImporter) -> (artifact id: '2c8843267bbb5b5cee0e4811d37847e7') in 0.0919345 seconds
Number of updated asset objects reloaded before import = 0Number of asset objects unloaded after import = 3

========================================================================
Received Import Request.
  Time since last request: 0.000048 seconds.
  path: Assets/03.Sprites/Pixel Keys x16/Tiles Black/pxkb_0.png
  artifactKey: Guid(4851d5940e7859546b82281f5724ee8b) Importer(815301076,1909f56bfc062723c751e8b465ee728b)
Start importing Assets/03.Sprites/Pixel Keys x16/Tiles Black/pxkb_0.png using Guid(4851d5940e7859546b82281f5724ee8b) Importer(815301076,1909f56bfc062723c751e8b465ee728b) (PreviewImporter) -> (artifact id: 'cf799fe2dbc044e4ec8233af52b4df2e') in 0.0873917 seconds
Number of updated asset objects reloaded before import = 0Number of asset objects unloaded after import = 3

========================================================================
Received Import Request.
  Time since last request: 0.000073 seconds.
  path: Assets/03.Sprites/Pixel Keys x16/Tiles White/pxkw_g.png
  artifactKey: Guid(f050e5e53b0b2d44ca76190ed5871740) Importer(815301076,1909f56bfc062723c751e8b465ee728b)
Start importing Assets/03.Sprites/Pixel Keys x16/Tiles White/pxkw_g.png using Guid(f050e5e53b0b2d44ca76190ed5871740) Importer(815301076,1909f56bfc062723c751e8b465ee728b) (PreviewImporter) -> (artifact id: '545939ab5a94ab811e7acc9fd02024da') in 0.0618566 seconds
Number of updated asset objects reloaded before import = 0Number of asset objects unloaded after import = 3

========================================================================
Received Import Request.
  Time since last request: 0.000052 seconds.
  path: Assets/Assets/Warped Shooting Fx/Pixel Art/Spark/spark-preview5.png
  artifactKey: Guid(5b61f03e0d7454180bf8bedc78a29ab9) Importer(815301076,1909f56bfc062723c751e8b465ee728b)
Start importing Assets/Assets/Warped Shooting Fx/Pixel Art/Spark/spark-preview5.png using Guid(5b61f03e0d7454180bf8bedc78a29ab9) Importer(815301076,1909f56bfc062723c751e8b465ee728b) (PreviewImporter) -> (artifact id: 'ec974d0c13195e32fb3f10af82a30bcb') in 0.0472048 seconds
Number of updated asset objects reloaded before import = 0Number of asset objects unloaded after import = 3

========================================================================
Received Import Request.
  Time since last request: 0.000084 seconds.
  path: Assets/03.Sprites/Pixel Keys x16/Tiles Black/pxkb_u.png
  artifactKey: Guid(f9a46d1ab0ddc494da87e677b40c86b1) Importer(815301076,1909f56bfc062723c751e8b465ee728b)
Start importing Assets/03.Sprites/Pixel Keys x16/Tiles Black/pxkb_u.png using Guid(f9a46d1ab0ddc494da87e677b40c86b1) Importer(815301076,1909f56bfc062723c751e8b465ee728b) (PreviewImporter) -> (artifact id: '2f0b5dd39a753f868b592be7da40dade') in 0.0746004 seconds
Number of updated asset objects reloaded before import = 0Number of asset objects unloaded after import = 3

========================================================================
Received Import Request.
  Time since last request: 0.000083 seconds.
  path: Assets/03.Sprites/Pixel Keys x16/Tiles White/pxkw_bracket_left.png
  artifactKey: Guid(117e2636baee11344ae15f520c2431af) Importer(815301076,1909f56bfc062723c751e8b465ee728b)
Start importing Assets/03.Sprites/Pixel Keys x16/Tiles White/pxkw_bracket_left.png using Guid(117e2636baee11344ae15f520c2431af) Importer(815301076,1909f56bfc062723c751e8b465ee728b) (PreviewImporter) -> (artifact id: 'c5442b808da0e28f065be54ac3e4e7cc') in 0.0722468 seconds
Number of updated asset objects reloaded before import = 0Number of asset objects unloaded after import = 3

========================================================================
Received Import Request.
  Time since last request: 0.000066 seconds.
  path: Assets/03.Sprites/Pixel Keys x16/Tiles White/pxkw_f8.png
  artifactKey: Guid(b7b9ce1874dade347bbee0b63565f9d6) Importer(815301076,1909f56bfc062723c751e8b465ee728b)
Start importing Assets/03.Sprites/Pixel Keys x16/Tiles White/pxkw_f8.png using Guid(b7b9ce1874dade347bbee0b63565f9d6) Importer(815301076,1909f56bfc062723c751e8b465ee728b) (PreviewImporter) -> (artifact id: '57129d617c578c946197087122f326e6') in 0.0732182 seconds
Number of updated asset objects reloaded before import = 0Number of asset objects unloaded after import = 3

========================================================================
Received Import Request.
  Time since last request: 0.000052 seconds.
  path: Assets/Assets/Warped Shooting Fx/Pixel Art/Waveform/waveform3.png
  artifactKey: Guid(36a183f10dadc491088dc8d1bbb60f36) Importer(815301076,1909f56bfc062723c751e8b465ee728b)
Start importing Assets/Assets/Warped Shooting Fx/Pixel Art/Waveform/waveform3.png using Guid(36a183f10dadc491088dc8d1bbb60f36) Importer(815301076,1909f56bfc062723c751e8b465ee728b) (PreviewImporter) -> (artifact id: 'c037f1c07ba2a6a7d50e54412ddabe5a') in 0.0481922 seconds
Number of updated asset objects reloaded before import = 0Number of asset objects unloaded after import = 3

========================================================================
Received Import Request.
  Time since last request: 0.000088 seconds.
  path: Assets/Assets/JungleAsset/Jungle Asset Pack/Chacter with outline/sprites/ledge grab outline.gif
  artifactKey: Guid(482c670e612a7eb4c96a657d6f308a79) Importer(815301076,1909f56bfc062723c751e8b465ee728b)
Start importing Assets/Assets/JungleAsset/Jungle Asset Pack/Chacter with outline/sprites/ledge grab outline.gif using Guid(482c670e612a7eb4c96a657d6f308a79) Importer(815301076,1909f56bfc062723c751e8b465ee728b) (PreviewImporter) -> (artifact id: '29f922bdd49a03b01a7ed8ec2b14d36f') in 0.0826661 seconds
Number of updated asset objects reloaded before import = 0Number of asset objects unloaded after import = 3

========================================================================
Received Import Request.
  Time since last request: 0.000065 seconds.
  path: Assets/Assets/Warped Shooting Fx/Pixel Art/Bolt/bolt2.png
  artifactKey: Guid(1cd30868a44d44b629d279c30fbf7c3a) Importer(815301076,1909f56bfc062723c751e8b465ee728b)
Start importing Assets/Assets/Warped Shooting Fx/Pixel Art/Bolt/bolt2.png using Guid(1cd30868a44d44b629d279c30fbf7c3a) Importer(815301076,1909f56bfc062723c751e8b465ee728b) (PreviewImporter) -> (artifact id: '2609d7f11696373767a2043e8c94212c') in 0.0813382 seconds
Number of updated asset objects reloaded before import = 0Number of asset objects unloaded after import = 3

Editor requested this worker to shutdown with reason: Scaling down because of idle timeout
AssetImportWorker is now disconnected from the server
Process exiting
Exiting without the bug reporter. Application will terminate with return code 0