Using pre-set license
Built from 'trunk' branch; Version is '6000.0.20f1 (05208a74e9aa) revision 336010'; Using compiler version '193933523'; Build Type 'Release'
OS: 'Windows 10  (10.0.19043) 64bit Core' Language: 'ko' Physical Memory: 8001 MB
BatchMode: 1, IsHumanControllingUs: 0, StartBugReporterOnCrash: 0, Is64bit: 1, IsPro: 1

COMMAND LINE ARGUMENTS:
C:\Program Files\Unity\Hub\Editor\6000.0.20f1\Editor\Unity.exe
-adb2
-batchMode
-noUpm
-name
AssetImportWorker3
-projectPath
C:/Users/rlack/Desktop/Git/ProjectA/ProjectA
-logFile
Logs/AssetImportWorker3.log
-srvPort
57151
-job-worker-count
3
-background-job-worker-count
8
-asset-garbage-collectors
1
Successfully changed project path to: C:/Users/rlack/Desktop/Git/ProjectA/ProjectA
C:/Users/rlack/Desktop/Git/ProjectA/ProjectA
[UnityMemory] Configuration Parameters - Can be set up in boot.config
    "memorysetup-bucket-allocator-granularity=16"
    "memorysetup-bucket-allocator-bucket-count=8"
    "memorysetup-bucket-allocator-block-size=33554432"
    "memorysetup-bucket-allocator-block-count=8"
    "memorysetup-main-allocator-block-size=16777216"
    "memorysetup-thread-allocator-block-size=16777216"
    "memorysetup-gfx-main-allocator-block-size=16777216"
    "memorysetup-gfx-thread-allocator-block-size=16777216"
    "memorysetup-cache-allocator-block-size=4194304"
    "memorysetup-typetree-allocator-block-size=2097152"
    "memorysetup-profiler-bucket-allocator-granularity=16"
    "memorysetup-profiler-bucket-allocator-bucket-count=8"
    "memorysetup-profiler-bucket-allocator-block-size=33554432"
    "memorysetup-profiler-bucket-allocator-block-count=8"
    "memorysetup-profiler-allocator-block-size=16777216"
    "memorysetup-profiler-editor-allocator-block-size=1048576"
    "memorysetup-temp-allocator-size-main=16777216"
    "memorysetup-job-temp-allocator-block-size=2097152"
    "memorysetup-job-temp-allocator-block-size-background=1048576"
    "memorysetup-job-temp-allocator-reduction-small-platforms=262144"
    "memorysetup-allocator-temp-initial-block-size-main=262144"
    "memorysetup-allocator-temp-initial-block-size-worker=262144"
    "memorysetup-temp-allocator-size-background-worker=32768"
    "memorysetup-temp-allocator-size-job-worker=262144"
    "memorysetup-temp-allocator-size-preload-manager=33554432"
    "memorysetup-temp-allocator-size-nav-mesh-worker=65536"
    "memorysetup-temp-allocator-size-audio-worker=65536"
    "memorysetup-temp-allocator-size-cloud-worker=32768"
    "memorysetup-temp-allocator-size-gi-baking-worker=262144"
    "memorysetup-temp-allocator-size-gi-baking-worker=262144"
    "memorysetup-temp-allocator-size-gi-baking-worker=262144"
    "memorysetup-temp-allocator-size-gi-baking-worker=262144"
    "memorysetup-temp-allocator-size-gi-baking-worker=262144"
    "memorysetup-temp-allocator-size-gfx=262144"
Player connection [21040]  Target information:

Player connection [21040]  * "[IP] 192.168.35.87 [Port] 0 [Flags] 2 [Guid] 1790336490 [EditorId] 1790336490 [Version] 1048832 [Id] WindowsEditor(7,LAPTOP-3J2MS8IR) [Debug] 1 [PackageName] WindowsEditor [ProjectName] Editor" 

Player connection [21040] Host joined multi-casting on [225.0.0.222:54997]...
Player connection [21040] Host joined alternative multi-casting on [225.0.0.222:34997]...
JobSystem: Creating JobQueue using job-worker-count value 3
[Physics::Module] Initialized fallback backend.
[Physics::Module] Id: 0xdecafbad
Library Redirect Path: Library/
[Physics::Module] Selected backend.
[Physics::Module] Name: PhysX
[Physics::Module] Id: 0xf2b8ea05
[Physics::Module] SDK Version: 4.1.2
[Physics::Module] Integration Version: 1.0.0
[Physics::Module] Threading Mode: Multi-Threaded
Refreshing native plugins compatible for Editor in 186.40 ms, found 8 plugins.
Preloading 0 native plugins for Editor in 0.00 ms.
Initialize engine version: 6000.0.20f1 (05208a74e9aa)
[Subsystems] Discovering subsystems at path C:/Program Files/Unity/Hub/Editor/6000.0.20f1/Editor/Data/Resources/UnitySubsystems
[Subsystems] Discovering subsystems at path C:/Users/rlack/Desktop/Git/ProjectA/ProjectA/Assets
GfxDevice: creating device client; kGfxThreadingModeNonThreaded
Direct3D:
    Version:  Direct3D 11.0 [level 11.1]
    Renderer: Intel(R) UHD Graphics (ID=0x9b41)
    Vendor:   Intel
    VRAM:     4000 MB
    Driver:   26.20.100.7870
Initialize mono
Mono path[0] = 'C:/Program Files/Unity/Hub/Editor/6000.0.20f1/Editor/Data/Managed'
Mono path[1] = 'C:/Program Files/Unity/Hub/Editor/6000.0.20f1/Editor/Data/MonoBleedingEdge/lib/mono/unityjit-win32'
Mono config path = 'C:/Program Files/Unity/Hub/Editor/6000.0.20f1/Editor/Data/MonoBleedingEdge/etc'
Using monoOptions --debugger-agent=transport=dt_socket,embedding=1,server=y,suspend=n,address=127.0.0.1:56048
Begin MonoManager ReloadAssembly
Registering precompiled unity dll's ...
Register platform support module: C:/Program Files/Unity/Hub/Editor/6000.0.20f1/Editor/Data/PlaybackEngines/WindowsStandaloneSupport/UnityEditor.WindowsStandalone.Extensions.dll
Registered in 0.025502 seconds.
- Loaded All Assemblies, in  5.684 seconds
Native extension for WindowsStandalone target not found
Mono: successfully reloaded assembly
- Finished resetting the current domain, in  5.332 seconds
Domain Reload Profiling: 11008ms
	BeginReloadAssembly (1898ms)
		ExecutionOrderSort (0ms)
		DisableScriptedObjects (0ms)
		BackupInstance (0ms)
		ReleaseScriptingObjects (0ms)
		CreateAndSetChildDomain (33ms)
	RebuildCommonClasses (278ms)
	RebuildNativeTypeToScriptingClass (82ms)
	initialDomainReloadingComplete (267ms)
	LoadAllAssembliesAndSetupDomain (3146ms)
		LoadAssemblies (1842ms)
		RebuildTransferFunctionScriptingTraits (0ms)
		AnalyzeDomain (3135ms)
			TypeCache.Refresh (3117ms)
				TypeCache.ScanAssembly (3009ms)
			BuildScriptInfoCaches (1ms)
			ResolveRequiredComponents (2ms)
	FinalizeReload (5337ms)
		ReleaseScriptCaches (0ms)
		RebuildScriptCaches (0ms)
		SetupLoadedEditorAssemblies (4945ms)
			LogAssemblyErrors (0ms)
			InitializePlatformSupportModulesInManaged (290ms)
			SetLoadedEditorAssemblies (141ms)
			BeforeProcessingInitializeOnLoad (91ms)
			ProcessInitializeOnLoadAttributes (3980ms)
			ProcessInitializeOnLoadMethodAttributes (415ms)
			AfterProcessingInitializeOnLoad (28ms)
			EditorAssembliesLoaded (0ms)
		ExecutionOrderSort2 (0ms)
		AwakeInstancesAfterBackupRestoration (0ms)
========================================================================
Worker process is ready to serve import requests
Import Worker Mode flag is 0x00
Begin MonoManager ReloadAssembly
- Loaded All Assemblies, in 17.943 seconds
Refreshing native plugins compatible for Editor in 36.07 ms, found 8 plugins.
Native extension for WindowsStandalone target not found
Mono: successfully reloaded assembly
- Finished resetting the current domain, in 22.849 seconds
Domain Reload Profiling: 40736ms
	BeginReloadAssembly (6520ms)
		ExecutionOrderSort (0ms)
		DisableScriptedObjects (46ms)
		BackupInstance (0ms)
		ReleaseScriptingObjects (0ms)
		CreateAndSetChildDomain (312ms)
	RebuildCommonClasses (251ms)
	RebuildNativeTypeToScriptingClass (66ms)
	initialDomainReloadingComplete (316ms)
	LoadAllAssembliesAndSetupDomain (10725ms)
		LoadAssemblies (6589ms)
		RebuildTransferFunctionScriptingTraits (0ms)
		AnalyzeDomain (4950ms)
			TypeCache.Refresh (4184ms)
				TypeCache.ScanAssembly (4032ms)
			BuildScriptInfoCaches (699ms)
			ResolveRequiredComponents (55ms)
	FinalizeReload (22857ms)
		ReleaseScriptCaches (0ms)
		RebuildScriptCaches (0ms)
		SetupLoadedEditorAssemblies (17460ms)
			LogAssemblyErrors (0ms)
			InitializePlatformSupportModulesInManaged (18ms)
			SetLoadedEditorAssemblies (72ms)
			BeforeProcessingInitializeOnLoad (3730ms)
			ProcessInitializeOnLoadAttributes (11918ms)
			ProcessInitializeOnLoadMethodAttributes (1683ms)
			AfterProcessingInitializeOnLoad (39ms)
			EditorAssembliesLoaded (1ms)
		ExecutionOrderSort2 (0ms)
		AwakeInstancesAfterBackupRestoration (18ms)
Launched and connected shader compiler UnityShaderCompiler.exe after 0.09 seconds
Refreshing native plugins compatible for Editor in 31.07 ms, found 8 plugins.
Preloading 0 native plugins for Editor in 0.00 ms.
Unloading 241 Unused Serialized files (Serialized files now loaded: 0)
Unloading 7466 unused Assets / (5.2 MB). Loaded Objects now: 8271.
Memory consumption went from 214.6 MB to 209.4 MB.
Total: 88.373800 ms (FindLiveObjects: 41.106200 ms CreateObjectMapping: 4.282100 ms MarkObjects: 29.698400 ms  DeleteObjects: 13.279300 ms)

========================================================================
Received Import Request.
  Time since last request: 2075366.191982 seconds.
  path: Assets/03.Sprites/Map/Crown1_1.png
  artifactKey: Guid(dc1edea7986c3e048be453dc81443375) Importer(815301076,1909f56bfc062723c751e8b465ee728b)
Start importing Assets/03.Sprites/Map/Crown1_1.png using Guid(dc1edea7986c3e048be453dc81443375) Importer(815301076,1909f56bfc062723c751e8b465ee728b) (PreviewImporter) -> (artifact id: 'd3f0f2437882b7269ffb7f2a6405c13e') in 0.5984967 seconds
Number of updated asset objects reloaded before import = 0Number of asset objects unloaded after import = 3

========================================================================
Received Import Request.
  Time since last request: 5.348403 seconds.
  path: Assets/03.Sprites/Map/Skull1_1.png
  artifactKey: Guid(85b38066f0e3dfc4bab950144abca694) Importer(815301076,1909f56bfc062723c751e8b465ee728b)
Start importing Assets/03.Sprites/Map/Skull1_1.png using Guid(85b38066f0e3dfc4bab950144abca694) Importer(815301076,1909f56bfc062723c751e8b465ee728b) (PreviewImporter) -> (artifact id: 'e5c48f73cea93dbd56d92c0bf14af4fa') in 0.0525902 seconds
Number of updated asset objects reloaded before import = 0Number of asset objects unloaded after import = 3

========================================================================
Received Import Request.
  Time since last request: 23.960762 seconds.
  path: Assets/03.Sprites/Map/Crown1_1.png
  artifactKey: Guid(dc1edea7986c3e048be453dc81443375) Importer(815301076,1909f56bfc062723c751e8b465ee728b)
Start importing Assets/03.Sprites/Map/Crown1_1.png using Guid(dc1edea7986c3e048be453dc81443375) Importer(815301076,1909f56bfc062723c751e8b465ee728b) (PreviewImporter) -> (artifact id: '7b53dd8ce95fdfc479a42878849fea91') in 0.173097 seconds
Number of updated asset objects reloaded before import = 0Number of asset objects unloaded after import = 3

========================================================================
Received Import Request.
  Time since last request: 0.000105 seconds.
  path: Assets/03.Sprites/Map/Skull1_1.png
  artifactKey: Guid(85b38066f0e3dfc4bab950144abca694) Importer(815301076,1909f56bfc062723c751e8b465ee728b)
Start importing Assets/03.Sprites/Map/Skull1_1.png using Guid(85b38066f0e3dfc4bab950144abca694) Importer(815301076,1909f56bfc062723c751e8b465ee728b) (PreviewImporter) -> (artifact id: 'b59964df30438323420d63d6fafee652') in 0.0363898 seconds
Number of updated asset objects reloaded before import = 0Number of asset objects unloaded after import = 3

========================================================================
Received Import Request.
  Time since last request: 46.954755 seconds.
  path: Assets/03.Sprites/Map/Crown1_1.png
  artifactKey: Guid(dc1edea7986c3e048be453dc81443375) Importer(815301076,1909f56bfc062723c751e8b465ee728b)
Start importing Assets/03.Sprites/Map/Crown1_1.png using Guid(dc1edea7986c3e048be453dc81443375) Importer(815301076,1909f56bfc062723c751e8b465ee728b) (PreviewImporter) -> (artifact id: '880df9dcdb601a53826dff9d32027304') in 0.2035805 seconds
Number of updated asset objects reloaded before import = 0Number of asset objects unloaded after import = 3

========================================================================
Received Import Request.
  Time since last request: 0.000146 seconds.
  path: Assets/03.Sprites/Map/Skull1_1.png
  artifactKey: Guid(85b38066f0e3dfc4bab950144abca694) Importer(815301076,1909f56bfc062723c751e8b465ee728b)
Start importing Assets/03.Sprites/Map/Skull1_1.png using Guid(85b38066f0e3dfc4bab950144abca694) Importer(815301076,1909f56bfc062723c751e8b465ee728b) (PreviewImporter) -> (artifact id: 'c1ba105812bcb2a8fc453fe68bb1c1f8') in 0.0323792 seconds
Number of updated asset objects reloaded before import = 0Number of asset objects unloaded after import = 3

========================================================================
Received Import Request.
  Time since last request: 9.371514 seconds.
  path: Assets/03.Sprites/Map/Skull1_1.png
  artifactKey: Guid(85b38066f0e3dfc4bab950144abca694) Importer(815301076,1909f56bfc062723c751e8b465ee728b)
Start importing Assets/03.Sprites/Map/Skull1_1.png using Guid(85b38066f0e3dfc4bab950144abca694) Importer(815301076,1909f56bfc062723c751e8b465ee728b) (PreviewImporter) -> (artifact id: 'fc17fd41ecb7f44c856c8db4775bb588') in 0.0572983 seconds
Number of updated asset objects reloaded before import = 0Number of asset objects unloaded after import = 3

========================================================================
Received Import Request.
  Time since last request: 15.324500 seconds.
  path: Assets/03.Sprites/Map/Skull1_1.png
  artifactKey: Guid(85b38066f0e3dfc4bab950144abca694) Importer(815301076,1909f56bfc062723c751e8b465ee728b)
Start importing Assets/03.Sprites/Map/Skull1_1.png using Guid(85b38066f0e3dfc4bab950144abca694) Importer(815301076,1909f56bfc062723c751e8b465ee728b) (PreviewImporter) -> (artifact id: '42f7b9fa12f6b63574e01bd8147c1c52') in 0.0327708 seconds
Number of updated asset objects reloaded before import = 0Number of asset objects unloaded after import = 3

========================================================================
Received Import Request.
  Time since last request: 59.091445 seconds.
  path: Assets/03.Sprites/Circle.png
  artifactKey: Guid(78c926f95c6a22c4a87827b791f3e3c1) Importer(815301076,1909f56bfc062723c751e8b465ee728b)
Start importing Assets/03.Sprites/Circle.png using Guid(78c926f95c6a22c4a87827b791f3e3c1) Importer(815301076,1909f56bfc062723c751e8b465ee728b) (PreviewImporter) -> (artifact id: '58c0d46cd10cad646732814452d51acd') in 0.0286757 seconds
Number of updated asset objects reloaded before import = 0Number of asset objects unloaded after import = 3

========================================================================
Received Import Request.
  Time since last request: 0.255623 seconds.
  path: Assets/Assets/Warped Shooting Fx/Pixel Art/Charged/charged4.png
  artifactKey: Guid(b1487fd8c4d1a4193a036cbc5cf81bc3) Importer(815301076,1909f56bfc062723c751e8b465ee728b)
Start importing Assets/Assets/Warped Shooting Fx/Pixel Art/Charged/charged4.png using Guid(b1487fd8c4d1a4193a036cbc5cf81bc3) Importer(815301076,1909f56bfc062723c751e8b465ee728b) (PreviewImporter) -> (artifact id: 'd034dafaba0bb1aa9ee24eaee88adaee') in 0.0420804 seconds
Number of updated asset objects reloaded before import = 0Number of asset objects unloaded after import = 3

========================================================================
Received Import Request.
  Time since last request: 0.000093 seconds.
  path: Assets/Assets/Warped Shooting Fx/Pixel Art/Charged/charged6.png
  artifactKey: Guid(1263c07a328ac43c19ff6c1a79a887a3) Importer(815301076,1909f56bfc062723c751e8b465ee728b)
Start importing Assets/Assets/Warped Shooting Fx/Pixel Art/Charged/charged6.png using Guid(1263c07a328ac43c19ff6c1a79a887a3) Importer(815301076,1909f56bfc062723c751e8b465ee728b) (PreviewImporter) -> (artifact id: 'bedfbe8bd916af98da9a21818da59b30') in 0.0385044 seconds
Number of updated asset objects reloaded before import = 0Number of asset objects unloaded after import = 3

========================================================================
Received Import Request.
  Time since last request: 0.000055 seconds.
  path: Assets/03.Sprites/VFX/CHARGE VFX PINK  V2.png
  artifactKey: Guid(b7efcc178b73707488a240d4185fed36) Importer(815301076,1909f56bfc062723c751e8b465ee728b)
Start importing Assets/03.Sprites/VFX/CHARGE VFX PINK  V2.png using Guid(b7efcc178b73707488a240d4185fed36) Importer(815301076,1909f56bfc062723c751e8b465ee728b) (PreviewImporter) -> (artifact id: '6083495f5b0142a4de9773e2f3269a57') in 0.1481481 seconds
Number of updated asset objects reloaded before import = 0Number of asset objects unloaded after import = 11

========================================================================
Received Import Request.
  Time since last request: 0.000059 seconds.
  path: Assets/03.Sprites/Campfire sheet.png
  artifactKey: Guid(fd5014da3d1b29446b3e1787e76a64b3) Importer(815301076,1909f56bfc062723c751e8b465ee728b)
Start importing Assets/03.Sprites/Campfire sheet.png using Guid(fd5014da3d1b29446b3e1787e76a64b3) Importer(815301076,1909f56bfc062723c751e8b465ee728b) (PreviewImporter) -> (artifact id: '4f0dade02d26af3718649a459b231a43') in 2.1190508 seconds
Number of updated asset objects reloaded before import = 0Number of asset objects unloaded after import = 42

========================================================================
Received Import Request.
  Time since last request: 0.200988 seconds.
  path: Assets/03.Sprites/Pixel Keys x16/Tiles Black/pxkb_square_bracket_left.png
  artifactKey: Guid(855b55220752bfd4197cc58763fa38c6) Importer(815301076,1909f56bfc062723c751e8b465ee728b)
Start importing Assets/03.Sprites/Pixel Keys x16/Tiles Black/pxkb_square_bracket_left.png using Guid(855b55220752bfd4197cc58763fa38c6) Importer(815301076,1909f56bfc062723c751e8b465ee728b) (PreviewImporter) -> (artifact id: 'f2f71b0735f54e1e6ef74da1c7271ab0') in 0.0408448 seconds
Number of updated asset objects reloaded before import = 0Number of asset objects unloaded after import = 3

========================================================================
Received Import Request.
  Time since last request: 0.000088 seconds.
  path: Assets/03.Sprites/Pixel Keys x16/Tiles Black/pxkb_square_bracket_right.png
  artifactKey: Guid(3da6fa799b3b46c408ae0cb4383ce905) Importer(815301076,1909f56bfc062723c751e8b465ee728b)
Start importing Assets/03.Sprites/Pixel Keys x16/Tiles Black/pxkb_square_bracket_right.png using Guid(3da6fa799b3b46c408ae0cb4383ce905) Importer(815301076,1909f56bfc062723c751e8b465ee728b) (PreviewImporter) -> (artifact id: '0d664f45a56d46b45c4f68b0af9b088f') in 0.0344133 seconds
Number of updated asset objects reloaded before import = 0Number of asset objects unloaded after import = 3

========================================================================
Received Import Request.
  Time since last request: 0.000143 seconds.
  path: Assets/03.Sprites/Pixel Keys x16/Tiles White/pxkw_square_bracket_left.png
  artifactKey: Guid(e2c7d7533656b194fa20513f2ddbae91) Importer(815301076,1909f56bfc062723c751e8b465ee728b)
Start importing Assets/03.Sprites/Pixel Keys x16/Tiles White/pxkw_square_bracket_left.png using Guid(e2c7d7533656b194fa20513f2ddbae91) Importer(815301076,1909f56bfc062723c751e8b465ee728b) (PreviewImporter) -> (artifact id: '5393133b36ded938fe2993de99fe04ff') in 0.047178 seconds
Number of updated asset objects reloaded before import = 0Number of asset objects unloaded after import = 3

Editor requested this worker to shutdown with reason: Scaling down because of idle timeout
AssetImportWorkerClient::OnTransportError - code=2 error=End of file
AssetImportWorker is now disconnected from the server
Process exiting
Exiting without the bug reporter. Application will terminate with return code 0