Using pre-set license
Built from 'trunk' branch; Version is '6000.0.20f1 (05208a74e9aa) revision 336010'; Using compiler version '193933523'; Build Type 'Release'
OS: 'Windows 10  (10.0.19043) 64bit Core' Language: 'ko' Physical Memory: 8001 MB
BatchMode: 1, IsHumanControllingUs: 0, StartBugReporterOnCrash: 0, Is64bit: 1, IsPro: 1

COMMAND LINE ARGUMENTS:
C:\Program Files\Unity\Hub\Editor\6000.0.20f1\Editor\Unity.exe
-adb2
-batchMode
-noUpm
-name
AssetImportWorker14
-projectPath
C:/Users/rlack/Desktop/Git/ProjectA/ProjectA
-logFile
Logs/AssetImportWorker14.log
-srvPort
58929
-job-worker-count
3
-background-job-worker-count
8
-asset-garbage-collectors
1
Successfully changed project path to: C:/Users/rlack/Desktop/Git/ProjectA/ProjectA
C:/Users/rlack/Desktop/Git/ProjectA/ProjectA
[UnityMemory] Configuration Parameters - Can be set up in boot.config
    "memorysetup-bucket-allocator-granularity=16"
    "memorysetup-bucket-allocator-bucket-count=8"
    "memorysetup-bucket-allocator-block-size=33554432"
    "memorysetup-bucket-allocator-block-count=8"
    "memorysetup-main-allocator-block-size=16777216"
    "memorysetup-thread-allocator-block-size=16777216"
    "memorysetup-gfx-main-allocator-block-size=16777216"
    "memorysetup-gfx-thread-allocator-block-size=16777216"
    "memorysetup-cache-allocator-block-size=4194304"
    "memorysetup-typetree-allocator-block-size=2097152"
    "memorysetup-profiler-bucket-allocator-granularity=16"
    "memorysetup-profiler-bucket-allocator-bucket-count=8"
    "memorysetup-profiler-bucket-allocator-block-size=33554432"
    "memorysetup-profiler-bucket-allocator-block-count=8"
    "memorysetup-profiler-allocator-block-size=16777216"
    "memorysetup-profiler-editor-allocator-block-size=1048576"
    "memorysetup-temp-allocator-size-main=16777216"
    "memorysetup-job-temp-allocator-block-size=2097152"
    "memorysetup-job-temp-allocator-block-size-background=1048576"
    "memorysetup-job-temp-allocator-reduction-small-platforms=262144"
    "memorysetup-allocator-temp-initial-block-size-main=262144"
    "memorysetup-allocator-temp-initial-block-size-worker=262144"
    "memorysetup-temp-allocator-size-background-worker=32768"
    "memorysetup-temp-allocator-size-job-worker=262144"
    "memorysetup-temp-allocator-size-preload-manager=33554432"
    "memorysetup-temp-allocator-size-nav-mesh-worker=65536"
    "memorysetup-temp-allocator-size-audio-worker=65536"
    "memorysetup-temp-allocator-size-cloud-worker=32768"
    "memorysetup-temp-allocator-size-gi-baking-worker=262144"
    "memorysetup-temp-allocator-size-gi-baking-worker=262144"
    "memorysetup-temp-allocator-size-gi-baking-worker=262144"
    "memorysetup-temp-allocator-size-gi-baking-worker=262144"
    "memorysetup-temp-allocator-size-gi-baking-worker=262144"
    "memorysetup-temp-allocator-size-gfx=262144"
Player connection [14680]  Target information:

Player connection [14680]  * "[IP] 192.168.35.87 [Port] 0 [Flags] 2 [Guid] 1812326941 [EditorId] 1812326941 [Version] 1048832 [Id] WindowsEditor(7,LAPTOP-3J2MS8IR) [Debug] 1 [PackageName] WindowsEditor [ProjectName] Editor" 

Player connection [14680] Host joined multi-casting on [225.0.0.222:54997]...
Player connection [14680] Host joined alternative multi-casting on [225.0.0.222:34997]...
JobSystem: Creating JobQueue using job-worker-count value 3
[Physics::Module] Initialized fallback backend.
[Physics::Module] Id: 0xdecafbad
Library Redirect Path: Library/
[Physics::Module] Selected backend.
[Physics::Module] Name: PhysX
[Physics::Module] Id: 0xf2b8ea05
[Physics::Module] SDK Version: 4.1.2
[Physics::Module] Integration Version: 1.0.0
[Physics::Module] Threading Mode: Multi-Threaded
Refreshing native plugins compatible for Editor in 142.56 ms, found 8 plugins.
Preloading 0 native plugins for Editor in 0.00 ms.
Initialize engine version: 6000.0.20f1 (05208a74e9aa)
[Subsystems] Discovering subsystems at path C:/Program Files/Unity/Hub/Editor/6000.0.20f1/Editor/Data/Resources/UnitySubsystems
[Subsystems] Discovering subsystems at path C:/Users/rlack/Desktop/Git/ProjectA/ProjectA/Assets
GfxDevice: creating device client; kGfxThreadingModeNonThreaded
Direct3D:
    Version:  Direct3D 11.0 [level 11.1]
    Renderer: Intel(R) UHD Graphics (ID=0x9b41)
    Vendor:   Intel
    VRAM:     4000 MB
    Driver:   26.20.100.7870
Initialize mono
Mono path[0] = 'C:/Program Files/Unity/Hub/Editor/6000.0.20f1/Editor/Data/Managed'
Mono path[1] = 'C:/Program Files/Unity/Hub/Editor/6000.0.20f1/Editor/Data/MonoBleedingEdge/lib/mono/unityjit-win32'
Mono config path = 'C:/Program Files/Unity/Hub/Editor/6000.0.20f1/Editor/Data/MonoBleedingEdge/etc'
Using monoOptions --debugger-agent=transport=dt_socket,embedding=1,server=y,suspend=n,address=127.0.0.1:56344
Begin MonoManager ReloadAssembly
Registering precompiled unity dll's ...
Register platform support module: C:/Program Files/Unity/Hub/Editor/6000.0.20f1/Editor/Data/PlaybackEngines/WindowsStandaloneSupport/UnityEditor.WindowsStandalone.Extensions.dll
Registered in 0.018076 seconds.
- Loaded All Assemblies, in  1.883 seconds
Native extension for WindowsStandalone target not found
Mono: successfully reloaded assembly
- Finished resetting the current domain, in  1.267 seconds
Domain Reload Profiling: 3138ms
	BeginReloadAssembly (554ms)
		ExecutionOrderSort (0ms)
		DisableScriptedObjects (0ms)
		BackupInstance (0ms)
		ReleaseScriptingObjects (0ms)
		CreateAndSetChildDomain (2ms)
	RebuildCommonClasses (131ms)
	RebuildNativeTypeToScriptingClass (41ms)
	initialDomainReloadingComplete (187ms)
	LoadAllAssembliesAndSetupDomain (957ms)
		LoadAssemblies (542ms)
		RebuildTransferFunctionScriptingTraits (0ms)
		AnalyzeDomain (946ms)
			TypeCache.Refresh (942ms)
				TypeCache.ScanAssembly (454ms)
			BuildScriptInfoCaches (0ms)
			ResolveRequiredComponents (1ms)
	FinalizeReload (1268ms)
		ReleaseScriptCaches (0ms)
		RebuildScriptCaches (0ms)
		SetupLoadedEditorAssemblies (1100ms)
			LogAssemblyErrors (0ms)
			InitializePlatformSupportModulesInManaged (69ms)
			SetLoadedEditorAssemblies (12ms)
			BeforeProcessingInitializeOnLoad (20ms)
			ProcessInitializeOnLoadAttributes (827ms)
			ProcessInitializeOnLoadMethodAttributes (163ms)
			AfterProcessingInitializeOnLoad (9ms)
			EditorAssembliesLoaded (0ms)
		ExecutionOrderSort2 (0ms)
		AwakeInstancesAfterBackupRestoration (0ms)
========================================================================
Worker process is ready to serve import requests
Import Worker Mode flag is 0x00
Begin MonoManager ReloadAssembly
- Loaded All Assemblies, in  7.039 seconds
Refreshing native plugins compatible for Editor in 45.68 ms, found 8 plugins.
Native extension for WindowsStandalone target not found
Mono: successfully reloaded assembly
- Finished resetting the current domain, in  3.802 seconds
Domain Reload Profiling: 10786ms
	BeginReloadAssembly (1954ms)
		ExecutionOrderSort (0ms)
		DisableScriptedObjects (10ms)
		BackupInstance (0ms)
		ReleaseScriptingObjects (0ms)
		CreateAndSetChildDomain (128ms)
	RebuildCommonClasses (135ms)
	RebuildNativeTypeToScriptingClass (56ms)
	initialDomainReloadingComplete (328ms)
	LoadAllAssembliesAndSetupDomain (4510ms)
		LoadAssemblies (2847ms)
		RebuildTransferFunctionScriptingTraits (0ms)
		AnalyzeDomain (2154ms)
			TypeCache.Refresh (1758ms)
				TypeCache.ScanAssembly (1698ms)
			BuildScriptInfoCaches (337ms)
			ResolveRequiredComponents (40ms)
	FinalizeReload (3803ms)
		ReleaseScriptCaches (0ms)
		RebuildScriptCaches (0ms)
		SetupLoadedEditorAssemblies (2896ms)
			LogAssemblyErrors (0ms)
			InitializePlatformSupportModulesInManaged (4ms)
			SetLoadedEditorAssemblies (20ms)
			BeforeProcessingInitializeOnLoad (454ms)
			ProcessInitializeOnLoadAttributes (1933ms)
			ProcessInitializeOnLoadMethodAttributes (452ms)
			AfterProcessingInitializeOnLoad (31ms)
			EditorAssembliesLoaded (1ms)
		ExecutionOrderSort2 (0ms)
		AwakeInstancesAfterBackupRestoration (16ms)
Launched and connected shader compiler UnityShaderCompiler.exe after 0.05 seconds
Refreshing native plugins compatible for Editor in 43.63 ms, found 8 plugins.
Preloading 0 native plugins for Editor in 0.00 ms.
Unloading 241 Unused Serialized files (Serialized files now loaded: 0)
Unloading 7470 unused Assets / (5.0 MB). Loaded Objects now: 8275.
Memory consumption went from 214.4 MB to 209.5 MB.
Total: 36.888100 ms (FindLiveObjects: 5.085800 ms CreateObjectMapping: 4.354300 ms MarkObjects: 18.296600 ms  DeleteObjects: 9.146700 ms)

========================================================================
Received Import Request.
  Time since last request: 2089517.584269 seconds.
  path: Assets/06.ScriptableObject/Item/02.Rare/012.VibrantHat2.asset
  artifactKey: Guid(813b201644b82cd4c877ebcb96961f88) Importer(815301076,1909f56bfc062723c751e8b465ee728b)
Start importing Assets/06.ScriptableObject/Item/02.Rare/012.VibrantHat2.asset using Guid(813b201644b82cd4c877ebcb96961f88) Importer(815301076,1909f56bfc062723c751e8b465ee728b) (PreviewImporter) -> (artifact id: '99ceaf27809dea5b64b249f92dbe43a6') in 0.1347062 seconds
Number of updated asset objects reloaded before import = 0Number of asset objects unloaded after import = 1

========================================================================
Received Import Request.
  Time since last request: 0.000037 seconds.
  path: Assets/06.ScriptableObject/Item/02.Rare/018.BowofOpportunity1.asset
  artifactKey: Guid(ab17eccc1d2d9ca4ca88fbd5d23bfdec) Importer(815301076,1909f56bfc062723c751e8b465ee728b)
Start importing Assets/06.ScriptableObject/Item/02.Rare/018.BowofOpportunity1.asset using Guid(ab17eccc1d2d9ca4ca88fbd5d23bfdec) Importer(815301076,1909f56bfc062723c751e8b465ee728b) (PreviewImporter) -> (artifact id: '2591e2e33684db7322613415218e24b9') in 0.0284215 seconds
Number of updated asset objects reloaded before import = 0Number of asset objects unloaded after import = 3

========================================================================
Received Import Request.
  Time since last request: 0.000055 seconds.
  path: Assets/06.ScriptableObject/Item/02.Rare/014.SturdyPickaxe2.asset
  artifactKey: Guid(0696f22058f2f6447ae21c8f30c6b4d6) Importer(815301076,1909f56bfc062723c751e8b465ee728b)
Start importing Assets/06.ScriptableObject/Item/02.Rare/014.SturdyPickaxe2.asset using Guid(0696f22058f2f6447ae21c8f30c6b4d6) Importer(815301076,1909f56bfc062723c751e8b465ee728b) (PreviewImporter) -> (artifact id: 'fe469916606f85d09b7966eb7342f438') in 0.006644 seconds
Number of updated asset objects reloaded before import = 0Number of asset objects unloaded after import = 1

========================================================================
Received Import Request.
  Time since last request: 0.000042 seconds.
  path: Assets/06.ScriptableObject/LevelSetting/Level_9.asset
  artifactKey: Guid(34e3fd4a5c36ab24487d1c6ea89f2361) Importer(815301076,1909f56bfc062723c751e8b465ee728b)
Start importing Assets/06.ScriptableObject/LevelSetting/Level_9.asset using Guid(34e3fd4a5c36ab24487d1c6ea89f2361) Importer(815301076,1909f56bfc062723c751e8b465ee728b) (PreviewImporter) -> (artifact id: 'beed0b941d038404eeec85fc1451d436') in 0.1138291 seconds
Number of updated asset objects reloaded before import = 0Number of asset objects unloaded after import = 84

========================================================================
Received Import Request.
  Time since last request: 0.000061 seconds.
  path: Assets/06.ScriptableObject/LevelSetting/Level_8.asset
  artifactKey: Guid(4463ffa20b6d4ab4a90f59fb6b535895) Importer(815301076,1909f56bfc062723c751e8b465ee728b)
Start importing Assets/06.ScriptableObject/LevelSetting/Level_8.asset using Guid(4463ffa20b6d4ab4a90f59fb6b535895) Importer(815301076,1909f56bfc062723c751e8b465ee728b) (PreviewImporter) -> (artifact id: 'c79a2d08045bee865c7903b9d418d2a6') in 0.0446788 seconds
Number of updated asset objects reloaded before import = 0Number of asset objects unloaded after import = 83

========================================================================
Received Import Request.
  Time since last request: 0.000054 seconds.
  path: Assets/06.ScriptableObject/Item/02.Rare/013.RipeApple1.asset
  artifactKey: Guid(9eeecb40b9aa27d488867da77e544196) Importer(815301076,1909f56bfc062723c751e8b465ee728b)
Start importing Assets/06.ScriptableObject/Item/02.Rare/013.RipeApple1.asset using Guid(9eeecb40b9aa27d488867da77e544196) Importer(815301076,1909f56bfc062723c751e8b465ee728b) (PreviewImporter) -> (artifact id: 'ab8d5b48987f324dee107b7d4466cbae') in 0.0065023 seconds
Number of updated asset objects reloaded before import = 0Number of asset objects unloaded after import = 3

========================================================================
Received Prepare
Begin MonoManager ReloadAssembly
- Loaded All Assemblies, in  4.098 seconds
Refreshing native plugins compatible for Editor in 264.57 ms, found 8 plugins.
Native extension for WindowsStandalone target not found
Mono: successfully reloaded assembly
- Finished resetting the current domain, in 13.791 seconds
Domain Reload Profiling: 17887ms
	BeginReloadAssembly (711ms)
		ExecutionOrderSort (0ms)
		DisableScriptedObjects (32ms)
		BackupInstance (0ms)
		ReleaseScriptingObjects (1ms)
		CreateAndSetChildDomain (165ms)
	RebuildCommonClasses (115ms)
	RebuildNativeTypeToScriptingClass (30ms)
	initialDomainReloadingComplete (122ms)
	LoadAllAssembliesAndSetupDomain (3114ms)
		LoadAssemblies (2263ms)
		RebuildTransferFunctionScriptingTraits (0ms)
		AnalyzeDomain (1216ms)
			TypeCache.Refresh (36ms)
				TypeCache.ScanAssembly (0ms)
			BuildScriptInfoCaches (993ms)
			ResolveRequiredComponents (145ms)
	FinalizeReload (13794ms)
		ReleaseScriptCaches (0ms)
		RebuildScriptCaches (0ms)
		SetupLoadedEditorAssemblies (6500ms)
			LogAssemblyErrors (0ms)
			InitializePlatformSupportModulesInManaged (32ms)
			SetLoadedEditorAssemblies (52ms)
			BeforeProcessingInitializeOnLoad (1334ms)
			ProcessInitializeOnLoadAttributes (4701ms)
			ProcessInitializeOnLoadMethodAttributes (338ms)
			AfterProcessingInitializeOnLoad (39ms)
			EditorAssembliesLoaded (4ms)
		ExecutionOrderSort2 (0ms)
		AwakeInstancesAfterBackupRestoration (37ms)
Refreshing native plugins compatible for Editor in 73.97 ms, found 8 plugins.
Preloading 0 native plugins for Editor in 0.00 ms.
Unloading 14 Unused Serialized files (Serialized files now loaded: 0)
Unloading 7468 unused Assets / (5.2 MB). Loaded Objects now: 8281.
Memory consumption went from 176.3 MB to 171.1 MB.
Total: 79.990000 ms (FindLiveObjects: 6.121600 ms CreateObjectMapping: 2.725200 ms MarkObjects: 50.005100 ms  DeleteObjects: 21.132100 ms)

Prepare: number of updated asset objects reloaded= 0
Editor requested this worker to shutdown with reason: Scaling down because of idle timeout
AssetImportWorker is now disconnected from the server
Process exiting
Exiting without the bug reporter. Application will terminate with return code 0