Using pre-set license
Built from 'trunk' branch; Version is '6000.0.20f1 (05208a74e9aa) revision 336010'; Using compiler version '193933523'; Build Type 'Release'
OS: 'Windows 10  (10.0.19043) 64bit Core' Language: 'ko' Physical Memory: 8001 MB
BatchMode: 1, IsHumanControllingUs: 0, StartBugReporterOnCrash: 0, Is64bit: 1, IsPro: 1

COMMAND LINE ARGUMENTS:
C:\Program Files\Unity\Hub\Editor\6000.0.20f1\Editor\Unity.exe
-adb2
-batchMode
-noUpm
-name
AssetImportWorker7
-projectPath
C:/Users/rlack/Desktop/Git/ProjectA/ProjectA
-logFile
Logs/AssetImportWorker7.log
-srvPort
58929
-job-worker-count
3
-background-job-worker-count
8
-asset-garbage-collectors
1
Successfully changed project path to: C:/Users/rlack/Desktop/Git/ProjectA/ProjectA
C:/Users/rlack/Desktop/Git/ProjectA/ProjectA
[UnityMemory] Configuration Parameters - Can be set up in boot.config
    "memorysetup-bucket-allocator-granularity=16"
    "memorysetup-bucket-allocator-bucket-count=8"
    "memorysetup-bucket-allocator-block-size=33554432"
    "memorysetup-bucket-allocator-block-count=8"
    "memorysetup-main-allocator-block-size=16777216"
    "memorysetup-thread-allocator-block-size=16777216"
    "memorysetup-gfx-main-allocator-block-size=16777216"
    "memorysetup-gfx-thread-allocator-block-size=16777216"
    "memorysetup-cache-allocator-block-size=4194304"
    "memorysetup-typetree-allocator-block-size=2097152"
    "memorysetup-profiler-bucket-allocator-granularity=16"
    "memorysetup-profiler-bucket-allocator-bucket-count=8"
    "memorysetup-profiler-bucket-allocator-block-size=33554432"
    "memorysetup-profiler-bucket-allocator-block-count=8"
    "memorysetup-profiler-allocator-block-size=16777216"
    "memorysetup-profiler-editor-allocator-block-size=1048576"
    "memorysetup-temp-allocator-size-main=16777216"
    "memorysetup-job-temp-allocator-block-size=2097152"
    "memorysetup-job-temp-allocator-block-size-background=1048576"
    "memorysetup-job-temp-allocator-reduction-small-platforms=262144"
    "memorysetup-allocator-temp-initial-block-size-main=262144"
    "memorysetup-allocator-temp-initial-block-size-worker=262144"
    "memorysetup-temp-allocator-size-background-worker=32768"
    "memorysetup-temp-allocator-size-job-worker=262144"
    "memorysetup-temp-allocator-size-preload-manager=33554432"
    "memorysetup-temp-allocator-size-nav-mesh-worker=65536"
    "memorysetup-temp-allocator-size-audio-worker=65536"
    "memorysetup-temp-allocator-size-cloud-worker=32768"
    "memorysetup-temp-allocator-size-gi-baking-worker=262144"
    "memorysetup-temp-allocator-size-gi-baking-worker=262144"
    "memorysetup-temp-allocator-size-gi-baking-worker=262144"
    "memorysetup-temp-allocator-size-gi-baking-worker=262144"
    "memorysetup-temp-allocator-size-gi-baking-worker=262144"
    "memorysetup-temp-allocator-size-gfx=262144"
Player connection [10320]  Target information:

Player connection [10320]  * "[IP] 192.168.35.87 [Port] 0 [Flags] 2 [Guid] 973698969 [EditorId] 973698969 [Version] 1048832 [Id] WindowsEditor(7,LAPTOP-3J2MS8IR) [Debug] 1 [PackageName] WindowsEditor [ProjectName] Editor" 

Player connection [10320] Host joined multi-casting on [225.0.0.222:54997]...
Player connection [10320] Host joined alternative multi-casting on [225.0.0.222:34997]...
JobSystem: Creating JobQueue using job-worker-count value 3
[Physics::Module] Initialized fallback backend.
[Physics::Module] Id: 0xdecafbad
Library Redirect Path: Library/
[Physics::Module] Selected backend.
[Physics::Module] Name: PhysX
[Physics::Module] Id: 0xf2b8ea05
[Physics::Module] SDK Version: 4.1.2
[Physics::Module] Integration Version: 1.0.0
[Physics::Module] Threading Mode: Multi-Threaded
Refreshing native plugins compatible for Editor in 121.69 ms, found 8 plugins.
Preloading 0 native plugins for Editor in 0.00 ms.
Initialize engine version: 6000.0.20f1 (05208a74e9aa)
[Subsystems] Discovering subsystems at path C:/Program Files/Unity/Hub/Editor/6000.0.20f1/Editor/Data/Resources/UnitySubsystems
[Subsystems] Discovering subsystems at path C:/Users/rlack/Desktop/Git/ProjectA/ProjectA/Assets
GfxDevice: creating device client; kGfxThreadingModeNonThreaded
Direct3D:
    Version:  Direct3D 11.0 [level 11.1]
    Renderer: Intel(R) UHD Graphics (ID=0x9b41)
    Vendor:   Intel
    VRAM:     4000 MB
    Driver:   26.20.100.7870
Initialize mono
Mono path[0] = 'C:/Program Files/Unity/Hub/Editor/6000.0.20f1/Editor/Data/Managed'
Mono path[1] = 'C:/Program Files/Unity/Hub/Editor/6000.0.20f1/Editor/Data/MonoBleedingEdge/lib/mono/unityjit-win32'
Mono config path = 'C:/Program Files/Unity/Hub/Editor/6000.0.20f1/Editor/Data/MonoBleedingEdge/etc'
Using monoOptions --debugger-agent=transport=dt_socket,embedding=1,server=y,suspend=n,address=127.0.0.1:56944
Begin MonoManager ReloadAssembly
Registering precompiled unity dll's ...
Register platform support module: C:/Program Files/Unity/Hub/Editor/6000.0.20f1/Editor/Data/PlaybackEngines/WindowsStandaloneSupport/UnityEditor.WindowsStandalone.Extensions.dll
Registered in 0.013805 seconds.
- Loaded All Assemblies, in  2.175 seconds
Native extension for WindowsStandalone target not found
Mono: successfully reloaded assembly
- Finished resetting the current domain, in  1.493 seconds
Domain Reload Profiling: 3653ms
	BeginReloadAssembly (748ms)
		ExecutionOrderSort (0ms)
		DisableScriptedObjects (0ms)
		BackupInstance (0ms)
		ReleaseScriptingObjects (0ms)
		CreateAndSetChildDomain (3ms)
	RebuildCommonClasses (187ms)
	RebuildNativeTypeToScriptingClass (62ms)
	initialDomainReloadingComplete (224ms)
	LoadAllAssembliesAndSetupDomain (938ms)
		LoadAssemblies (729ms)
		RebuildTransferFunctionScriptingTraits (0ms)
		AnalyzeDomain (923ms)
			TypeCache.Refresh (918ms)
				TypeCache.ScanAssembly (824ms)
			BuildScriptInfoCaches (0ms)
			ResolveRequiredComponents (2ms)
	FinalizeReload (1494ms)
		ReleaseScriptCaches (0ms)
		RebuildScriptCaches (0ms)
		SetupLoadedEditorAssemblies (1335ms)
			LogAssemblyErrors (0ms)
			InitializePlatformSupportModulesInManaged (129ms)
			SetLoadedEditorAssemblies (12ms)
			BeforeProcessingInitializeOnLoad (28ms)
			ProcessInitializeOnLoadAttributes (716ms)
			ProcessInitializeOnLoadMethodAttributes (208ms)
			AfterProcessingInitializeOnLoad (243ms)
			EditorAssembliesLoaded (0ms)
		ExecutionOrderSort2 (0ms)
		AwakeInstancesAfterBackupRestoration (0ms)
========================================================================
Worker process is ready to serve import requests
Import Worker Mode flag is 0x00
Begin MonoManager ReloadAssembly
- Loaded All Assemblies, in 10.003 seconds
Refreshing native plugins compatible for Editor in 43.89 ms, found 8 plugins.
Native extension for WindowsStandalone target not found
Mono: successfully reloaded assembly
- Finished resetting the current domain, in  5.789 seconds
Domain Reload Profiling: 15740ms
	BeginReloadAssembly (2511ms)
		ExecutionOrderSort (0ms)
		DisableScriptedObjects (28ms)
		BackupInstance (0ms)
		ReleaseScriptingObjects (0ms)
		CreateAndSetChildDomain (116ms)
	RebuildCommonClasses (164ms)
	RebuildNativeTypeToScriptingClass (49ms)
	initialDomainReloadingComplete (264ms)
	LoadAllAssembliesAndSetupDomain (6961ms)
		LoadAssemblies (3466ms)
		RebuildTransferFunctionScriptingTraits (0ms)
		AnalyzeDomain (3934ms)
			TypeCache.Refresh (3138ms)
				TypeCache.ScanAssembly (2868ms)
			BuildScriptInfoCaches (513ms)
			ResolveRequiredComponents (191ms)
	FinalizeReload (5791ms)
		ReleaseScriptCaches (0ms)
		RebuildScriptCaches (0ms)
		SetupLoadedEditorAssemblies (4556ms)
			LogAssemblyErrors (0ms)
			InitializePlatformSupportModulesInManaged (8ms)
			SetLoadedEditorAssemblies (21ms)
			BeforeProcessingInitializeOnLoad (655ms)
			ProcessInitializeOnLoadAttributes (3198ms)
			ProcessInitializeOnLoadMethodAttributes (636ms)
			AfterProcessingInitializeOnLoad (37ms)
			EditorAssembliesLoaded (1ms)
		ExecutionOrderSort2 (0ms)
		AwakeInstancesAfterBackupRestoration (18ms)
Launched and connected shader compiler UnityShaderCompiler.exe after 0.06 seconds
Refreshing native plugins compatible for Editor in 63.00 ms, found 8 plugins.
Preloading 0 native plugins for Editor in 0.00 ms.
Unloading 241 Unused Serialized files (Serialized files now loaded: 0)
Unloading 7468 unused Assets / (4.9 MB). Loaded Objects now: 8273.
Memory consumption went from 214.4 MB to 209.4 MB.
Total: 52.494100 ms (FindLiveObjects: 5.442900 ms CreateObjectMapping: 7.020900 ms MarkObjects: 25.242700 ms  DeleteObjects: 14.740100 ms)

========================================================================
Received Import Request.
  Time since last request: 2081930.200518 seconds.
  path: Assets/03.Sprites/Pixel Keys x16/Tiles Black/pxkb_9.png
  artifactKey: Guid(1ae2efb71c8d79646a2b01fb1f5f323a) Importer(815301076,1909f56bfc062723c751e8b465ee728b)
Start importing Assets/03.Sprites/Pixel Keys x16/Tiles Black/pxkb_9.png using Guid(1ae2efb71c8d79646a2b01fb1f5f323a) Importer(815301076,1909f56bfc062723c751e8b465ee728b) (PreviewImporter) -> (artifact id: '1c0a9fe35038a82803bb885bfcd26d64') in 0.8380007 seconds
Number of updated asset objects reloaded before import = 0Number of asset objects unloaded after import = 3

========================================================================
Received Import Request.
  Time since last request: 0.000099 seconds.
  path: Assets/03.Sprites/UI/UI_Flat_FrameSlot03c.png
  artifactKey: Guid(9f83365cf03b28a45b643254d287ce9a) Importer(815301076,1909f56bfc062723c751e8b465ee728b)
Start importing Assets/03.Sprites/UI/UI_Flat_FrameSlot03c.png using Guid(9f83365cf03b28a45b643254d287ce9a) Importer(815301076,1909f56bfc062723c751e8b465ee728b) (PreviewImporter) -> (artifact id: '671bd59514556b608b12fc0040834c67') in 0.0565715 seconds
Number of updated asset objects reloaded before import = 0Number of asset objects unloaded after import = 3

========================================================================
Received Import Request.
  Time since last request: 0.000075 seconds.
  path: Assets/03.Sprites/Mob/Flying eye/Take Hit.png
  artifactKey: Guid(fb578d72708c4c848ace310908e49bea) Importer(815301076,1909f56bfc062723c751e8b465ee728b)
Start importing Assets/03.Sprites/Mob/Flying eye/Take Hit.png using Guid(fb578d72708c4c848ace310908e49bea) Importer(815301076,1909f56bfc062723c751e8b465ee728b) (PreviewImporter) -> (artifact id: '9e85115a490bfc51093e282496842340') in 0.1125131 seconds
Number of updated asset objects reloaded before import = 0Number of asset objects unloaded after import = 6

========================================================================
Received Import Request.
  Time since last request: 0.000047 seconds.
  path: Assets/03.Sprites/Pixel Keys x16/Tiles White/pxkw_function.png
  artifactKey: Guid(7980a5eaa28361141a6d7be7b8160dce) Importer(815301076,1909f56bfc062723c751e8b465ee728b)
Start importing Assets/03.Sprites/Pixel Keys x16/Tiles White/pxkw_function.png using Guid(7980a5eaa28361141a6d7be7b8160dce) Importer(815301076,1909f56bfc062723c751e8b465ee728b) (PreviewImporter) -> (artifact id: 'f925be0fc1de790d3d8fca879b9d2f83') in 0.0863147 seconds
Number of updated asset objects reloaded before import = 0Number of asset objects unloaded after import = 3

========================================================================
Received Import Request.
  Time since last request: 0.000064 seconds.
  path: Assets/03.Sprites/Pixel Keys x16/Tiles White/pxkw_c.png
  artifactKey: Guid(bbb576cd5534d4246b84ac67f1fee62d) Importer(815301076,1909f56bfc062723c751e8b465ee728b)
Start importing Assets/03.Sprites/Pixel Keys x16/Tiles White/pxkw_c.png using Guid(bbb576cd5534d4246b84ac67f1fee62d) Importer(815301076,1909f56bfc062723c751e8b465ee728b) (PreviewImporter) -> (artifact id: '2cf05f762746bf254460cd743b692910') in 0.0662072 seconds
Number of updated asset objects reloaded before import = 0Number of asset objects unloaded after import = 3

========================================================================
Received Import Request.
  Time since last request: 0.000049 seconds.
  path: Assets/03.Sprites/Pixel Keys x16/Tiles Black/pxkb_spacebar.png
  artifactKey: Guid(7dfb5c25fa14131488e203182ef446e9) Importer(815301076,1909f56bfc062723c751e8b465ee728b)
Start importing Assets/03.Sprites/Pixel Keys x16/Tiles Black/pxkb_spacebar.png using Guid(7dfb5c25fa14131488e203182ef446e9) Importer(815301076,1909f56bfc062723c751e8b465ee728b) (PreviewImporter) -> (artifact id: 'dfa7df558c7b22da7bfcbc13dbfcfcb6') in 0.0585841 seconds
Number of updated asset objects reloaded before import = 0Number of asset objects unloaded after import = 3

========================================================================
Received Import Request.
  Time since last request: 0.000321 seconds.
  path: Assets/03.Sprites/Pixel Keys x16/Tiles White/pxkw_question_mark.png
  artifactKey: Guid(94fff743f8b0e504194cc324cb994529) Importer(815301076,1909f56bfc062723c751e8b465ee728b)
Start importing Assets/03.Sprites/Pixel Keys x16/Tiles White/pxkw_question_mark.png using Guid(94fff743f8b0e504194cc324cb994529) Importer(815301076,1909f56bfc062723c751e8b465ee728b) (PreviewImporter) -> (artifact id: '6764f0b50fc98ee094f8ab414023e5f3') in 0.0345925 seconds
Number of updated asset objects reloaded before import = 0Number of asset objects unloaded after import = 3

========================================================================
Received Import Request.
  Time since last request: 0.000101 seconds.
  path: Assets/03.Sprites/UI/SlideLeft.png
  artifactKey: Guid(ee66e7e21b08bd94ba9b29afc8e31f20) Importer(815301076,1909f56bfc062723c751e8b465ee728b)
Start importing Assets/03.Sprites/UI/SlideLeft.png using Guid(ee66e7e21b08bd94ba9b29afc8e31f20) Importer(815301076,1909f56bfc062723c751e8b465ee728b) (PreviewImporter) -> (artifact id: '38853117e89eacc22805b13b80119df4') in 0.0419601 seconds
Number of updated asset objects reloaded before import = 0Number of asset objects unloaded after import = 3

========================================================================
Received Import Request.
  Time since last request: 0.000076 seconds.
  path: Assets/03.Sprites/Mob/Slime/slime-Sheet.png
  artifactKey: Guid(9a459abb51d33054b9b5458aae23d2c5) Importer(815301076,1909f56bfc062723c751e8b465ee728b)
Start importing Assets/03.Sprites/Mob/Slime/slime-Sheet.png using Guid(9a459abb51d33054b9b5458aae23d2c5) Importer(815301076,1909f56bfc062723c751e8b465ee728b) (PreviewImporter) -> (artifact id: '8e4106b28eb80a629e6a97b8cb339d63') in 0.4523852 seconds
Number of updated asset objects reloaded before import = 0Number of asset objects unloaded after import = 23

========================================================================
Received Import Request.
  Time since last request: 0.000055 seconds.
  path: Assets/03.Sprites/Pixel Keys x16/Tiles Black/pxkb_tab_icon.png
  artifactKey: Guid(62b07418e03de2543bc8b68ee1f912d3) Importer(815301076,1909f56bfc062723c751e8b465ee728b)
Start importing Assets/03.Sprites/Pixel Keys x16/Tiles Black/pxkb_tab_icon.png using Guid(62b07418e03de2543bc8b68ee1f912d3) Importer(815301076,1909f56bfc062723c751e8b465ee728b) (PreviewImporter) -> (artifact id: 'd9a08fbec056f2ae98234eac47b42f09') in 0.0757385 seconds
Number of updated asset objects reloaded before import = 0Number of asset objects unloaded after import = 3

========================================================================
Received Import Request.
  Time since last request: 0.000064 seconds.
  path: Assets/03.Sprites/Pixel Keys x16/Tiles White/pxkw_dot.png
  artifactKey: Guid(621ada46ffa1d7b40a72f45c1163d8a5) Importer(815301076,1909f56bfc062723c751e8b465ee728b)
Start importing Assets/03.Sprites/Pixel Keys x16/Tiles White/pxkw_dot.png using Guid(621ada46ffa1d7b40a72f45c1163d8a5) Importer(815301076,1909f56bfc062723c751e8b465ee728b) (PreviewImporter) -> (artifact id: 'da2f47633a4077433e1d6ed91172b8a4') in 0.0809144 seconds
Number of updated asset objects reloaded before import = 0Number of asset objects unloaded after import = 3

========================================================================
Received Import Request.
  Time since last request: 0.000591 seconds.
  path: Assets/03.Sprites/Pixel Keys x16/Tiles White/pxkw_spacebar.png
  artifactKey: Guid(edd3eaa9a0d5ec745a1ef62b38e98075) Importer(815301076,1909f56bfc062723c751e8b465ee728b)
Start importing Assets/03.Sprites/Pixel Keys x16/Tiles White/pxkw_spacebar.png using Guid(edd3eaa9a0d5ec745a1ef62b38e98075) Importer(815301076,1909f56bfc062723c751e8b465ee728b) (PreviewImporter) -> (artifact id: '70fc82857cc716c4e6abb19c4a7ed8b4') in 0.065046 seconds
Number of updated asset objects reloaded before import = 0Number of asset objects unloaded after import = 3

========================================================================
Received Import Request.
  Time since last request: 0.000070 seconds.
  path: Assets/03.Sprites/Pixel Keys x16/Tiles White/pxkw_l.png
  artifactKey: Guid(d7c231c89df3b5b4f89fc12830de338b) Importer(815301076,1909f56bfc062723c751e8b465ee728b)
Start importing Assets/03.Sprites/Pixel Keys x16/Tiles White/pxkw_l.png using Guid(d7c231c89df3b5b4f89fc12830de338b) Importer(815301076,1909f56bfc062723c751e8b465ee728b) (PreviewImporter) -> (artifact id: '7dc0f9953dccd673fcb008b48c89f4b4') in 0.0617097 seconds
Number of updated asset objects reloaded before import = 0Number of asset objects unloaded after import = 3

========================================================================
Received Import Request.
  Time since last request: 0.000073 seconds.
  path: Assets/03.Sprites/Pixel Keys x16/Tiles Black/pxkb_underscore.png
  artifactKey: Guid(bfe3da346ffbfe6498b819d76cc3057e) Importer(815301076,1909f56bfc062723c751e8b465ee728b)
Start importing Assets/03.Sprites/Pixel Keys x16/Tiles Black/pxkb_underscore.png using Guid(bfe3da346ffbfe6498b819d76cc3057e) Importer(815301076,1909f56bfc062723c751e8b465ee728b) (PreviewImporter) -> (artifact id: '45e150cdb93c016ddc099802bed57418') in 0.0718912 seconds
Number of updated asset objects reloaded before import = 0Number of asset objects unloaded after import = 3

========================================================================
Received Import Request.
  Time since last request: 0.000068 seconds.
  path: Assets/03.Sprites/Pixel Keys x16/Tiles White/pxkw_arrow_right.png
  artifactKey: Guid(b4644578c190d884ea571f95d5a76f75) Importer(815301076,1909f56bfc062723c751e8b465ee728b)
Start importing Assets/03.Sprites/Pixel Keys x16/Tiles White/pxkw_arrow_right.png using Guid(b4644578c190d884ea571f95d5a76f75) Importer(815301076,1909f56bfc062723c751e8b465ee728b) (PreviewImporter) -> (artifact id: 'df707491c554a15f4d56af44f74ca9dc') in 0.0734436 seconds
Number of updated asset objects reloaded before import = 0Number of asset objects unloaded after import = 3

========================================================================
Received Import Request.
  Time since last request: 0.000057 seconds.
  path: Assets/Assets/Warped Shooting Fx/Pixel Art/Bolt/bolt4.png
  artifactKey: Guid(18e43425d25ba4059b0c5ed560a3622d) Importer(815301076,1909f56bfc062723c751e8b465ee728b)
Start importing Assets/Assets/Warped Shooting Fx/Pixel Art/Bolt/bolt4.png using Guid(18e43425d25ba4059b0c5ed560a3622d) Importer(815301076,1909f56bfc062723c751e8b465ee728b) (PreviewImporter) -> (artifact id: 'ce521b85de942b1862518a2adeec85d6') in 0.098099 seconds
Number of updated asset objects reloaded before import = 0Number of asset objects unloaded after import = 3

========================================================================
Received Import Request.
  Time since last request: 0.000086 seconds.
  path: Assets/03.Sprites/Pixel Keys x16/Tiles White/pxkw_tilde.png
  artifactKey: Guid(6b930caaa8cfe604d95f9c2cfabf7a18) Importer(815301076,1909f56bfc062723c751e8b465ee728b)
Start importing Assets/03.Sprites/Pixel Keys x16/Tiles White/pxkw_tilde.png using Guid(6b930caaa8cfe604d95f9c2cfabf7a18) Importer(815301076,1909f56bfc062723c751e8b465ee728b) (PreviewImporter) -> (artifact id: 'fa2b02bdf16e69dab84f9a65d57fb391') in 0.0434278 seconds
Number of updated asset objects reloaded before import = 0Number of asset objects unloaded after import = 3

========================================================================
Received Import Request.
  Time since last request: 0.000122 seconds.
  path: Assets/03.Sprites/Pixel Keys x16/Tiles Black/pxkb_4.png
  artifactKey: Guid(9707f63b67beb654dab683e6307f22c4) Importer(815301076,1909f56bfc062723c751e8b465ee728b)
Start importing Assets/03.Sprites/Pixel Keys x16/Tiles Black/pxkb_4.png using Guid(9707f63b67beb654dab683e6307f22c4) Importer(815301076,1909f56bfc062723c751e8b465ee728b) (PreviewImporter) -> (artifact id: 'c1b97c71ac3197c8159c61a0776d3496') in 0.0459131 seconds
Number of updated asset objects reloaded before import = 0Number of asset objects unloaded after import = 3

========================================================================
Received Import Request.
  Time since last request: 0.000080 seconds.
  path: Assets/03.Sprites/Pixel Keys x16/Tiles White/pxkw_6.png
  artifactKey: Guid(081740fc71c22794b9683989d0a77a83) Importer(815301076,1909f56bfc062723c751e8b465ee728b)
Start importing Assets/03.Sprites/Pixel Keys x16/Tiles White/pxkw_6.png using Guid(081740fc71c22794b9683989d0a77a83) Importer(815301076,1909f56bfc062723c751e8b465ee728b) (PreviewImporter) -> (artifact id: '2cfa75b9de26e119714eaac7f6c609ca') in 0.0852439 seconds
Number of updated asset objects reloaded before import = 0Number of asset objects unloaded after import = 3

========================================================================
Received Import Request.
  Time since last request: 0.000042 seconds.
  path: Assets/03.Sprites/UI/UI_Flat_FrameSlot01b.png
  artifactKey: Guid(3833762bfcde3c747b6d494973301552) Importer(815301076,1909f56bfc062723c751e8b465ee728b)
Start importing Assets/03.Sprites/UI/UI_Flat_FrameSlot01b.png using Guid(3833762bfcde3c747b6d494973301552) Importer(815301076,1909f56bfc062723c751e8b465ee728b) (PreviewImporter) -> (artifact id: 'f547070204737d38ac00df9df0947f60') in 0.0595418 seconds
Number of updated asset objects reloaded before import = 0Number of asset objects unloaded after import = 3

========================================================================
Received Import Request.
  Time since last request: 0.000070 seconds.
  path: Assets/03.Sprites/Pixel Keys x16/Tiles Black/pxkb_5.png
  artifactKey: Guid(550ba8fd332b8fc4ca44dbcecde230d3) Importer(815301076,1909f56bfc062723c751e8b465ee728b)
Start importing Assets/03.Sprites/Pixel Keys x16/Tiles Black/pxkb_5.png using Guid(550ba8fd332b8fc4ca44dbcecde230d3) Importer(815301076,1909f56bfc062723c751e8b465ee728b) (PreviewImporter) -> (artifact id: '065c21978ba3a5668b7dad8d1d6f7181') in 0.0485283 seconds
Number of updated asset objects reloaded before import = 0Number of asset objects unloaded after import = 3

========================================================================
Received Import Request.
  Time since last request: 0.000085 seconds.
  path: Assets/03.Sprites/Pixel Keys x16/Tiles White/pxkw_backslash.png
  artifactKey: Guid(d4b92bcedabb9f643994b50984eabf8d) Importer(815301076,1909f56bfc062723c751e8b465ee728b)
Start importing Assets/03.Sprites/Pixel Keys x16/Tiles White/pxkw_backslash.png using Guid(d4b92bcedabb9f643994b50984eabf8d) Importer(815301076,1909f56bfc062723c751e8b465ee728b) (PreviewImporter) -> (artifact id: 'ac8ae30d9d4b84eea65e1c924b059ce1') in 0.0717585 seconds
Number of updated asset objects reloaded before import = 0Number of asset objects unloaded after import = 3

========================================================================
Received Import Request.
  Time since last request: 0.000068 seconds.
  path: Assets/03.Sprites/VFX/RedHood_StealthEffect.png
  artifactKey: Guid(a315269d3eab077448e6ddaf45d8d4cf) Importer(815301076,1909f56bfc062723c751e8b465ee728b)
Start importing Assets/03.Sprites/VFX/RedHood_StealthEffect.png using Guid(a315269d3eab077448e6ddaf45d8d4cf) Importer(815301076,1909f56bfc062723c751e8b465ee728b) (PreviewImporter) -> (artifact id: '9e1cc245e304c26fcd0a2997977a1e78') in 0.1688267 seconds
Number of updated asset objects reloaded before import = 0Number of asset objects unloaded after import = 7

========================================================================
Received Import Request.
  Time since last request: 0.000080 seconds.
  path: Assets/03.Sprites/Pixel Keys x16/Tiles White/pxkw_shift_icon.png
  artifactKey: Guid(9da17e277b881e14cbf7e84f5a42687d) Importer(815301076,1909f56bfc062723c751e8b465ee728b)
Start importing Assets/03.Sprites/Pixel Keys x16/Tiles White/pxkw_shift_icon.png using Guid(9da17e277b881e14cbf7e84f5a42687d) Importer(815301076,1909f56bfc062723c751e8b465ee728b) (PreviewImporter) -> (artifact id: 'c91702f8c4c2455dc4b7d5c037842df2') in 0.0705925 seconds
Number of updated asset objects reloaded before import = 0Number of asset objects unloaded after import = 3

========================================================================
Received Import Request.
  Time since last request: 0.000068 seconds.
  path: Assets/03.Sprites/Pixel Keys x16/Tiles White/pxkw_asterisk.png
  artifactKey: Guid(ee8dac7dfa57a0747b5c6f2bcc1573eb) Importer(815301076,1909f56bfc062723c751e8b465ee728b)
Start importing Assets/03.Sprites/Pixel Keys x16/Tiles White/pxkw_asterisk.png using Guid(ee8dac7dfa57a0747b5c6f2bcc1573eb) Importer(815301076,1909f56bfc062723c751e8b465ee728b) (PreviewImporter) -> (artifact id: '5518490fbf22978d43e81e98f0274039') in 0.0497742 seconds
Number of updated asset objects reloaded before import = 0Number of asset objects unloaded after import = 3

========================================================================
Received Import Request.
  Time since last request: 0.000078 seconds.
  path: Assets/03.Sprites/Pixel Keys x16/Tiles Black/pxkb_space_4.png
  artifactKey: Guid(2c38e7181ddc32a4aa8ff5fcef4709fd) Importer(815301076,1909f56bfc062723c751e8b465ee728b)
Start importing Assets/03.Sprites/Pixel Keys x16/Tiles Black/pxkb_space_4.png using Guid(2c38e7181ddc32a4aa8ff5fcef4709fd) Importer(815301076,1909f56bfc062723c751e8b465ee728b) (PreviewImporter) -> (artifact id: '6ec1e6d822b1c828b70921da5807c2e0') in 0.0689157 seconds
Number of updated asset objects reloaded before import = 0Number of asset objects unloaded after import = 3

========================================================================
Received Import Request.
  Time since last request: 0.000120 seconds.
  path: Assets/03.Sprites/Mob/Goblin/Take Hit.png
  artifactKey: Guid(286cb375425395844871aa02deba8fcc) Importer(815301076,1909f56bfc062723c751e8b465ee728b)
Start importing Assets/03.Sprites/Mob/Goblin/Take Hit.png using Guid(286cb375425395844871aa02deba8fcc) Importer(815301076,1909f56bfc062723c751e8b465ee728b) (PreviewImporter) -> (artifact id: '8f142ca43f8f3fe0e223fdd7a6b54f08') in 0.134768 seconds
Number of updated asset objects reloaded before import = 0Number of asset objects unloaded after import = 8

========================================================================
Received Import Request.
  Time since last request: 0.000158 seconds.
  path: Assets/03.Sprites/Pixel Keys x16/Tiles Black/pxkb_3.png
  artifactKey: Guid(a0a93d591a81886478ec6f5bf4aa0dff) Importer(815301076,1909f56bfc062723c751e8b465ee728b)
Start importing Assets/03.Sprites/Pixel Keys x16/Tiles Black/pxkb_3.png using Guid(a0a93d591a81886478ec6f5bf4aa0dff) Importer(815301076,1909f56bfc062723c751e8b465ee728b) (PreviewImporter) -> (artifact id: 'c84cac052f580ae10622f527479c0d43') in 0.049478 seconds
Number of updated asset objects reloaded before import = 0Number of asset objects unloaded after import = 3

========================================================================
Received Import Request.
  Time since last request: 0.000075 seconds.
  path: Assets/Assets/Warped Shooting Fx/Pixel Art/Spark/spark-preview1.png
  artifactKey: Guid(cf9760a2dafc94f97b705a62ec67e9ff) Importer(815301076,1909f56bfc062723c751e8b465ee728b)
Start importing Assets/Assets/Warped Shooting Fx/Pixel Art/Spark/spark-preview1.png using Guid(cf9760a2dafc94f97b705a62ec67e9ff) Importer(815301076,1909f56bfc062723c751e8b465ee728b) (PreviewImporter) -> (artifact id: 'c593edb8c34b05d704dc71f44d3d618e') in 0.0657001 seconds
Number of updated asset objects reloaded before import = 0Number of asset objects unloaded after import = 3

========================================================================
Received Import Request.
  Time since last request: 0.000060 seconds.
  path: Assets/03.Sprites/UI/UI_Flat_FrameMarker01a.png
  artifactKey: Guid(9daadb17847f2de4d86aeb388e1cb9f5) Importer(815301076,1909f56bfc062723c751e8b465ee728b)
Start importing Assets/03.Sprites/UI/UI_Flat_FrameMarker01a.png using Guid(9daadb17847f2de4d86aeb388e1cb9f5) Importer(815301076,1909f56bfc062723c751e8b465ee728b) (PreviewImporter) -> (artifact id: 'bec96f5e866855686c371a61241d7992') in 0.0894347 seconds
Number of updated asset objects reloaded before import = 0Number of asset objects unloaded after import = 3

Editor requested this worker to shutdown with reason: Scaling down because of idle timeout
AssetImportWorker is now disconnected from the server
Process exiting
Exiting without the bug reporter. Application will terminate with return code 0