Using pre-set license
Built from 'trunk' branch; Version is '6000.0.20f1 (05208a74e9aa) revision 336010'; Using compiler version '193933523'; Build Type 'Release'
OS: 'Windows 10  (10.0.19043) 64bit Core' Language: 'ko' Physical Memory: 8001 MB
BatchMode: 1, IsHumanControllingUs: 0, StartBugReporterOnCrash: 0, Is64bit: 1, IsPro: 1

COMMAND LINE ARGUMENTS:
C:\Program Files\Unity\Hub\Editor\6000.0.20f1\Editor\Unity.exe
-adb2
-batchMode
-noUpm
-name
AssetImportWorker11
-projectPath
C:/Users/rlack/Desktop/Git/ProjectA/ProjectA
-logFile
Logs/AssetImportWorker11.log
-srvPort
58929
-job-worker-count
3
-background-job-worker-count
8
-asset-garbage-collectors
1
Successfully changed project path to: C:/Users/rlack/Desktop/Git/ProjectA/ProjectA
C:/Users/rlack/Desktop/Git/ProjectA/ProjectA
[UnityMemory] Configuration Parameters - Can be set up in boot.config
    "memorysetup-bucket-allocator-granularity=16"
    "memorysetup-bucket-allocator-bucket-count=8"
    "memorysetup-bucket-allocator-block-size=33554432"
    "memorysetup-bucket-allocator-block-count=8"
    "memorysetup-main-allocator-block-size=16777216"
    "memorysetup-thread-allocator-block-size=16777216"
    "memorysetup-gfx-main-allocator-block-size=16777216"
    "memorysetup-gfx-thread-allocator-block-size=16777216"
    "memorysetup-cache-allocator-block-size=4194304"
    "memorysetup-typetree-allocator-block-size=2097152"
    "memorysetup-profiler-bucket-allocator-granularity=16"
    "memorysetup-profiler-bucket-allocator-bucket-count=8"
    "memorysetup-profiler-bucket-allocator-block-size=33554432"
    "memorysetup-profiler-bucket-allocator-block-count=8"
    "memorysetup-profiler-allocator-block-size=16777216"
    "memorysetup-profiler-editor-allocator-block-size=1048576"
    "memorysetup-temp-allocator-size-main=16777216"
    "memorysetup-job-temp-allocator-block-size=2097152"
    "memorysetup-job-temp-allocator-block-size-background=1048576"
    "memorysetup-job-temp-allocator-reduction-small-platforms=262144"
    "memorysetup-allocator-temp-initial-block-size-main=262144"
    "memorysetup-allocator-temp-initial-block-size-worker=262144"
    "memorysetup-temp-allocator-size-background-worker=32768"
    "memorysetup-temp-allocator-size-job-worker=262144"
    "memorysetup-temp-allocator-size-preload-manager=33554432"
    "memorysetup-temp-allocator-size-nav-mesh-worker=65536"
    "memorysetup-temp-allocator-size-audio-worker=65536"
    "memorysetup-temp-allocator-size-cloud-worker=32768"
    "memorysetup-temp-allocator-size-gi-baking-worker=262144"
    "memorysetup-temp-allocator-size-gi-baking-worker=262144"
    "memorysetup-temp-allocator-size-gi-baking-worker=262144"
    "memorysetup-temp-allocator-size-gi-baking-worker=262144"
    "memorysetup-temp-allocator-size-gi-baking-worker=262144"
    "memorysetup-temp-allocator-size-gfx=262144"
Player connection [11440]  Target information:

Player connection [11440]  * "[IP] 192.168.35.87 [Port] 0 [Flags] 2 [Guid] 1373592796 [EditorId] 1373592796 [Version] 1048832 [Id] WindowsEditor(7,LAPTOP-3J2MS8IR) [Debug] 1 [PackageName] WindowsEditor [ProjectName] Editor" 

Player connection [11440] Host joined multi-casting on [225.0.0.222:54997]...
Player connection [11440] Host joined alternative multi-casting on [225.0.0.222:34997]...
JobSystem: Creating JobQueue using job-worker-count value 3
[Physics::Module] Initialized fallback backend.
[Physics::Module] Id: 0xdecafbad
Library Redirect Path: Library/
[Physics::Module] Selected backend.
[Physics::Module] Name: PhysX
[Physics::Module] Id: 0xf2b8ea05
[Physics::Module] SDK Version: 4.1.2
[Physics::Module] Integration Version: 1.0.0
[Physics::Module] Threading Mode: Multi-Threaded
Refreshing native plugins compatible for Editor in 100.44 ms, found 8 plugins.
Preloading 0 native plugins for Editor in 0.00 ms.
Initialize engine version: 6000.0.20f1 (05208a74e9aa)
[Subsystems] Discovering subsystems at path C:/Program Files/Unity/Hub/Editor/6000.0.20f1/Editor/Data/Resources/UnitySubsystems
[Subsystems] Discovering subsystems at path C:/Users/rlack/Desktop/Git/ProjectA/ProjectA/Assets
GfxDevice: creating device client; kGfxThreadingModeNonThreaded
Direct3D:
    Version:  Direct3D 11.0 [level 11.1]
    Renderer: Intel(R) UHD Graphics (ID=0x9b41)
    Vendor:   Intel
    VRAM:     4000 MB
    Driver:   26.20.100.7870
Initialize mono
Mono path[0] = 'C:/Program Files/Unity/Hub/Editor/6000.0.20f1/Editor/Data/Managed'
Mono path[1] = 'C:/Program Files/Unity/Hub/Editor/6000.0.20f1/Editor/Data/MonoBleedingEdge/lib/mono/unityjit-win32'
Mono config path = 'C:/Program Files/Unity/Hub/Editor/6000.0.20f1/Editor/Data/MonoBleedingEdge/etc'
Using monoOptions --debugger-agent=transport=dt_socket,embedding=1,server=y,suspend=n,address=127.0.0.1:56192
Begin MonoManager ReloadAssembly
Registering precompiled unity dll's ...
Register platform support module: C:/Program Files/Unity/Hub/Editor/6000.0.20f1/Editor/Data/PlaybackEngines/WindowsStandaloneSupport/UnityEditor.WindowsStandalone.Extensions.dll
Registered in 0.016345 seconds.
- Loaded All Assemblies, in  1.882 seconds
Native extension for WindowsStandalone target not found
Mono: successfully reloaded assembly
- Finished resetting the current domain, in  1.257 seconds
Domain Reload Profiling: 3126ms
	BeginReloadAssembly (588ms)
		ExecutionOrderSort (0ms)
		DisableScriptedObjects (0ms)
		BackupInstance (0ms)
		ReleaseScriptingObjects (0ms)
		CreateAndSetChildDomain (2ms)
	RebuildCommonClasses (128ms)
	RebuildNativeTypeToScriptingClass (49ms)
	initialDomainReloadingComplete (194ms)
	LoadAllAssembliesAndSetupDomain (909ms)
		LoadAssemblies (577ms)
		RebuildTransferFunctionScriptingTraits (0ms)
		AnalyzeDomain (900ms)
			TypeCache.Refresh (896ms)
				TypeCache.ScanAssembly (480ms)
			BuildScriptInfoCaches (0ms)
			ResolveRequiredComponents (1ms)
	FinalizeReload (1258ms)
		ReleaseScriptCaches (0ms)
		RebuildScriptCaches (0ms)
		SetupLoadedEditorAssemblies (1091ms)
			LogAssemblyErrors (0ms)
			InitializePlatformSupportModulesInManaged (68ms)
			SetLoadedEditorAssemblies (11ms)
			BeforeProcessingInitializeOnLoad (22ms)
			ProcessInitializeOnLoadAttributes (618ms)
			ProcessInitializeOnLoadMethodAttributes (277ms)
			AfterProcessingInitializeOnLoad (95ms)
			EditorAssembliesLoaded (0ms)
		ExecutionOrderSort2 (0ms)
		AwakeInstancesAfterBackupRestoration (0ms)
========================================================================
Worker process is ready to serve import requests
Import Worker Mode flag is 0x00
Begin MonoManager ReloadAssembly
- Loaded All Assemblies, in  7.037 seconds
Refreshing native plugins compatible for Editor in 47.89 ms, found 8 plugins.
Native extension for WindowsStandalone target not found
Mono: successfully reloaded assembly
- Finished resetting the current domain, in  3.774 seconds
Domain Reload Profiling: 10770ms
	BeginReloadAssembly (1970ms)
		ExecutionOrderSort (0ms)
		DisableScriptedObjects (14ms)
		BackupInstance (0ms)
		ReleaseScriptingObjects (0ms)
		CreateAndSetChildDomain (109ms)
	RebuildCommonClasses (166ms)
	RebuildNativeTypeToScriptingClass (35ms)
	initialDomainReloadingComplete (260ms)
	LoadAllAssembliesAndSetupDomain (4564ms)
		LoadAssemblies (2826ms)
		RebuildTransferFunctionScriptingTraits (0ms)
		AnalyzeDomain (2234ms)
			TypeCache.Refresh (1878ms)
				TypeCache.ScanAssembly (1813ms)
			BuildScriptInfoCaches (297ms)
			ResolveRequiredComponents (43ms)
	FinalizeReload (3775ms)
		ReleaseScriptCaches (0ms)
		RebuildScriptCaches (0ms)
		SetupLoadedEditorAssemblies (2902ms)
			LogAssemblyErrors (0ms)
			InitializePlatformSupportModulesInManaged (12ms)
			SetLoadedEditorAssemblies (37ms)
			BeforeProcessingInitializeOnLoad (405ms)
			ProcessInitializeOnLoadAttributes (1952ms)
			ProcessInitializeOnLoadMethodAttributes (466ms)
			AfterProcessingInitializeOnLoad (29ms)
			EditorAssembliesLoaded (1ms)
		ExecutionOrderSort2 (0ms)
		AwakeInstancesAfterBackupRestoration (14ms)
Launched and connected shader compiler UnityShaderCompiler.exe after 0.06 seconds
Refreshing native plugins compatible for Editor in 26.41 ms, found 8 plugins.
Preloading 0 native plugins for Editor in 0.00 ms.
Unloading 241 Unused Serialized files (Serialized files now loaded: 0)
Unloading 7470 unused Assets / (6.3 MB). Loaded Objects now: 8275.
Memory consumption went from 214.6 MB to 208.2 MB.
Total: 38.728400 ms (FindLiveObjects: 4.247300 ms CreateObjectMapping: 3.338800 ms MarkObjects: 22.476500 ms  DeleteObjects: 8.661600 ms)

========================================================================
Received Import Request.
  Time since last request: 2089517.575466 seconds.
  path: Assets/06.ScriptableObject/Item/02.Rare/010.CommonSword2.asset
  artifactKey: Guid(f94fccf9703e99046b533611dc9df2c1) Importer(815301076,1909f56bfc062723c751e8b465ee728b)
Start importing Assets/06.ScriptableObject/Item/02.Rare/010.CommonSword2.asset using Guid(f94fccf9703e99046b533611dc9df2c1) Importer(815301076,1909f56bfc062723c751e8b465ee728b) (PreviewImporter) -> (artifact id: '334ea7dc6e65b72d23ef1324b29d3797') in 0.1335134 seconds
Number of updated asset objects reloaded before import = 0Number of asset objects unloaded after import = 1

========================================================================
Received Import Request.
  Time since last request: 0.000045 seconds.
  path: Assets/06.ScriptableObject/Item/02.Rare/017.TomeofDefense1.asset
  artifactKey: Guid(f97e090e9a540024ea378dbc0f2e9c37) Importer(815301076,1909f56bfc062723c751e8b465ee728b)
Start importing Assets/06.ScriptableObject/Item/02.Rare/017.TomeofDefense1.asset using Guid(f97e090e9a540024ea378dbc0f2e9c37) Importer(815301076,1909f56bfc062723c751e8b465ee728b) (PreviewImporter) -> (artifact id: 'a8baeddd353dd4b735b289be5c92acc9') in 0.042867 seconds
Number of updated asset objects reloaded before import = 0Number of asset objects unloaded after import = 3

========================================================================
Received Import Request.
  Time since last request: 0.000057 seconds.
  path: Assets/06.ScriptableObject/Item/02.Rare/020.MagicFrostWand1.asset
  artifactKey: Guid(56307fb253fce19429fc0a79086a41a0) Importer(815301076,1909f56bfc062723c751e8b465ee728b)
Start importing Assets/06.ScriptableObject/Item/02.Rare/020.MagicFrostWand1.asset using Guid(56307fb253fce19429fc0a79086a41a0) Importer(815301076,1909f56bfc062723c751e8b465ee728b) (PreviewImporter) -> (artifact id: '4ad5e12b0458206283c08fe5a075dafd') in 0.0104667 seconds
Number of updated asset objects reloaded before import = 0Number of asset objects unloaded after import = 3

========================================================================
Received Import Request.
  Time since last request: 0.000040 seconds.
  path: Assets/06.ScriptableObject/LevelSetting/Level_1.asset
  artifactKey: Guid(32276a5db6af6d74bbf66350afdf31fe) Importer(815301076,1909f56bfc062723c751e8b465ee728b)
Start importing Assets/06.ScriptableObject/LevelSetting/Level_1.asset using Guid(32276a5db6af6d74bbf66350afdf31fe) Importer(815301076,1909f56bfc062723c751e8b465ee728b) (PreviewImporter) -> (artifact id: '4db9de1fdb0f9702e3839d56abbb777e') in 0.1048965 seconds
Number of updated asset objects reloaded before import = 0Number of asset objects unloaded after import = 44

========================================================================
Received Import Request.
  Time since last request: 0.000102 seconds.
  path: Assets/06.ScriptableObject/LevelSetting/Level_10.asset
  artifactKey: Guid(6ef00d57dbafbc843a655aaed09cfac4) Importer(815301076,1909f56bfc062723c751e8b465ee728b)
Start importing Assets/06.ScriptableObject/LevelSetting/Level_10.asset using Guid(6ef00d57dbafbc843a655aaed09cfac4) Importer(815301076,1909f56bfc062723c751e8b465ee728b) (PreviewImporter) -> (artifact id: 'f0017b229076953084df6deb222396af') in 0.0721561 seconds
Number of updated asset objects reloaded before import = 0Number of asset objects unloaded after import = 83

========================================================================
Received Prepare
Begin MonoManager ReloadAssembly
- Loaded All Assemblies, in  3.903 seconds
Refreshing native plugins compatible for Editor in 149.44 ms, found 8 plugins.
Native extension for WindowsStandalone target not found
Mono: successfully reloaded assembly
- Finished resetting the current domain, in 14.066 seconds
Domain Reload Profiling: 17923ms
	BeginReloadAssembly (704ms)
		ExecutionOrderSort (0ms)
		DisableScriptedObjects (31ms)
		BackupInstance (0ms)
		ReleaseScriptingObjects (0ms)
		CreateAndSetChildDomain (168ms)
	RebuildCommonClasses (110ms)
	RebuildNativeTypeToScriptingClass (37ms)
	initialDomainReloadingComplete (145ms)
	LoadAllAssembliesAndSetupDomain (2860ms)
		LoadAssemblies (2214ms)
		RebuildTransferFunctionScriptingTraits (0ms)
		AnalyzeDomain (1003ms)
			TypeCache.Refresh (40ms)
				TypeCache.ScanAssembly (0ms)
			BuildScriptInfoCaches (885ms)
			ResolveRequiredComponents (58ms)
	FinalizeReload (14068ms)
		ReleaseScriptCaches (0ms)
		RebuildScriptCaches (0ms)
		SetupLoadedEditorAssemblies (10439ms)
			LogAssemblyErrors (0ms)
			InitializePlatformSupportModulesInManaged (49ms)
			SetLoadedEditorAssemblies (193ms)
			BeforeProcessingInitializeOnLoad (2222ms)
			ProcessInitializeOnLoadAttributes (7033ms)
			ProcessInitializeOnLoadMethodAttributes (909ms)
			AfterProcessingInitializeOnLoad (33ms)
			EditorAssembliesLoaded (1ms)
		ExecutionOrderSort2 (0ms)
		AwakeInstancesAfterBackupRestoration (32ms)
Refreshing native plugins compatible for Editor in 71.75 ms, found 8 plugins.
Preloading 0 native plugins for Editor in 0.00 ms.
Unloading 14 Unused Serialized files (Serialized files now loaded: 0)
Unloading 7468 unused Assets / (5.9 MB). Loaded Objects now: 8281.
Memory consumption went from 176.4 MB to 170.5 MB.
Total: 285.626800 ms (FindLiveObjects: 17.418800 ms CreateObjectMapping: 19.731900 ms MarkObjects: 208.665400 ms  DeleteObjects: 39.798600 ms)

Prepare: number of updated asset objects reloaded= 0
Editor requested this worker to shutdown with reason: Scaling down because of idle timeout
AssetImportWorker is now disconnected from the server
Process exiting
Exiting without the bug reporter. Application will terminate with return code 0